2024-01-30 21:26:11,072 [INFO] Activator:179 - 


2024-01-30 21:26:11,074 [INFO] Activator:180 - !SESSION log4j initialized
2024-01-30 21:26:38,541 [ERROR] LogOutputStream:74 - [STDERR_REDIRECT] SLF4J: Failed to load class "org.slf4j.impl.StaticLoggerBinder".
2024-01-30 21:26:38,542 [ERROR] LogOutputStream:74 - [STDERR_REDIRECT] SLF4J: Defaulting to no-operation (NOP) logger implementation
2024-01-30 21:26:38,543 [ERROR] LogOutputStream:74 - [STDERR_REDIRECT] SLF4J: See http://www.slf4j.org/codes.html#StaticLoggerBinder for further details.
2024-01-30 21:31:41,678 [INFO] McuFinderGlobals:52 - Set McuFinder mode to 2 (CubeIDE integrated)
2024-01-30 21:31:42,038 [INFO] ApplicationProperties:181 - Using Application install path: D:\DoNotTouch_install\STM32CubeIDE_1.11.0\STM32CubeIDE\plugins\com.st.stm32cube.common.mx_6.7.0.202211181646
2024-01-30 21:31:42,064 [INFO] DbMcusXml:77 - Set database path to: D:\DoNotTouch_install\STM32CubeIDE_1.11.0\STM32CubeIDE\plugins\com.st.stm32cube.common.mx_6.7.0.202211181646\\db\/mcu/
2024-01-30 21:31:42,064 [INFO] ApiDb:273 - Set plugin database path to: D:\DoNotTouch_install\STM32CubeIDE_1.11.0\STM32CubeIDE\plugins\com.st.stm32cube.common.mx_6.7.0.202211181646\\db\/plugins/boardmanager/
2024-01-30 21:31:42,064 [WARN] ApiDb:258 - Overriding images path with different value:  => D:\DoNotTouch_install\STM32CubeIDE_1.11.0\STM32CubeIDE\plugins\com.st.stm32cube.common.mx_6.7.0.202211181646\\db\/plugins/mcufinder/images/
2024-01-30 21:31:42,085 [INFO] ApiDb:249 - Set database path to: C:\Users\Lenovo\.stmcufinder\plugins\mcufinder//mcu/
2024-01-30 21:31:42,085 [INFO] DbMcusAds:124 - Set database path to: C:\Users\Lenovo\.stmcufinder\plugins\mcufinder//mcu/
2024-01-30 21:31:42,212 [INFO] CrossReferenceDbSqlite:202 - Set database path to: C:\Users\Lenovo\.stmcufinder\plugins\mcufinder//mcu/cs/
2024-01-30 21:31:42,324 [INFO] RulesReader:61 - Compatibility file has been processed (283 Rules)
2024-01-30 21:31:42,398 [INFO] DbMcusXml:77 - Set database path to: D:\DoNotTouch_install\STM32CubeIDE_1.11.0\STM32CubeIDE\plugins\com.st.stm32cube.common.mx_6.7.0.202211181646\\db\/mcu/
2024-01-30 21:31:42,398 [INFO] ApiDb:273 - Set plugin database path to: D:\DoNotTouch_install\STM32CubeIDE_1.11.0\STM32CubeIDE\plugins\com.st.stm32cube.common.mx_6.7.0.202211181646\\db\/plugins/boardmanager/
2024-01-30 21:31:42,398 [INFO] ApiDb:260 - Set plugin images path to: D:\DoNotTouch_install\STM32CubeIDE_1.11.0\STM32CubeIDE\plugins\com.st.stm32cube.common.mx_6.7.0.202211181646\\db\/plugins/mcufinder/images/
2024-01-30 21:31:42,398 [WARN] DbFile:40 - Overriding database path with different value: C:\Users\Lenovo\.stmcufinder\plugins\mcufinder/ => C:\Users\Lenovo\.stmcufinder\plugins\mcufinder
2024-01-30 21:31:42,398 [INFO] ApiDb:249 - Set database path to: C:\Users\Lenovo\.stmcufinder\plugins\mcufinder//mcu/
2024-01-30 21:31:42,398 [WARN] DbFile:40 - Overriding database path with different value: C:\Users\Lenovo\.stmcufinder\plugins\mcufinder/ => C:\Users\Lenovo\.stmcufinder\plugins\mcufinder
2024-01-30 21:31:42,398 [INFO] DbMcusAds:124 - Set database path to: C:\Users\Lenovo\.stmcufinder\plugins\mcufinder//mcu/
2024-01-30 21:31:42,398 [WARN] DbFile:40 - Overriding database path with different value: C:\Users\Lenovo\.stmcufinder\plugins\mcufinder/ => C:\Users\Lenovo\.stmcufinder\plugins\mcufinder
2024-01-30 21:31:42,398 [WARN] DbFile:40 - Overriding database path with different value: C:\Users\Lenovo\.stmcufinder\plugins\mcufinder/ => C:\Users\Lenovo\.stmcufinder\plugins\mcufinder
2024-01-30 21:31:42,398 [INFO] CrossReferenceDbSqlite:202 - Set database path to: C:\Users\Lenovo\.stmcufinder\plugins\mcufinder//mcu/cs/
2024-01-30 21:31:42,482 [INFO] MainPanel:252 - HeapMemory: 523239424
2024-01-30 21:31:42,577 [INFO] DbMcusXml:77 - Set database path to: D:\DoNotTouch_install\STM32CubeIDE_1.11.0\STM32CubeIDE\plugins\com.st.stm32cube.common.mx_6.7.0.202211181646\\db\/mcu/
2024-01-30 21:31:42,577 [INFO] ApiDb:273 - Set plugin database path to: D:\DoNotTouch_install\STM32CubeIDE_1.11.0\STM32CubeIDE\plugins\com.st.stm32cube.common.mx_6.7.0.202211181646\\db\/plugins/boardmanager/
2024-01-30 21:31:42,577 [INFO] ApiDb:260 - Set plugin images path to: D:\DoNotTouch_install\STM32CubeIDE_1.11.0\STM32CubeIDE\plugins\com.st.stm32cube.common.mx_6.7.0.202211181646\\db\/plugins/mcufinder/images/
2024-01-30 21:31:42,577 [WARN] DbFile:40 - Overriding database path with different value: C:\Users\Lenovo\.stmcufinder\plugins\mcufinder/ => C:\Users\Lenovo\.stmcufinder\plugins\mcufinder
2024-01-30 21:31:42,577 [INFO] ApiDb:249 - Set database path to: C:\Users\Lenovo\.stmcufinder\plugins\mcufinder//mcu/
2024-01-30 21:31:42,577 [WARN] DbFile:40 - Overriding database path with different value: C:\Users\Lenovo\.stmcufinder\plugins\mcufinder/ => C:\Users\Lenovo\.stmcufinder\plugins\mcufinder
2024-01-30 21:31:42,577 [INFO] DbMcusAds:124 - Set database path to: C:\Users\Lenovo\.stmcufinder\plugins\mcufinder//mcu/
2024-01-30 21:31:42,577 [WARN] DbFile:40 - Overriding database path with different value: C:\Users\Lenovo\.stmcufinder\plugins\mcufinder/ => C:\Users\Lenovo\.stmcufinder\plugins\mcufinder
2024-01-30 21:31:42,577 [WARN] DbFile:40 - Overriding database path with different value: C:\Users\Lenovo\.stmcufinder\plugins\mcufinder/ => C:\Users\Lenovo\.stmcufinder\plugins\mcufinder
2024-01-30 21:31:42,577 [INFO] CrossReferenceDbSqlite:202 - Set database path to: C:\Users\Lenovo\.stmcufinder\plugins\mcufinder//mcu/cs/
2024-01-30 21:31:42,603 [INFO] ApplicationProperties:181 - Using Application install path: D:\DoNotTouch_install\STM32CubeIDE_1.11.0\STM32CubeIDE\plugins\com.st.stm32cube.common.mx_6.7.0.202211181646
2024-01-30 21:31:42,603 [INFO] PluginManage:193 - Search for loadable plugins [exclusion list=, ]
2024-01-30 21:31:42,609 [INFO] PluginManage:307 - Check plugin analytics
2024-01-30 21:31:42,772 [INFO] AnalyticsPlugin:262 - Accepted Software Licenses: 
2024-01-30 21:31:42,772 [INFO] AnalyticsPlugin:264 - Accepted CMSIS Pack Licenses: 
2024-01-30 21:31:42,772 [INFO] AnalyticsPlugin:266 - Accepted Firmware Licenses: 
2024-01-30 21:31:42,784 [INFO] PluginManage:356 - Loaded plugin analytics (category:tool,tabindex:-1)
2024-01-30 21:31:42,784 [INFO] PluginManage:307 - Check plugin cadmodel
2024-01-30 21:31:42,792 [INFO] CADModel:104 - Init CAD model plugin
2024-01-30 21:31:42,792 [INFO] PluginManage:356 - Loaded plugin cadmodel (category:power,tabindex:5)
2024-01-30 21:31:42,792 [INFO] PluginManage:307 - Check plugin clock
2024-01-30 21:31:42,816 [INFO] PluginManage:356 - Loaded plugin clock (category:base,tabindex:2)
2024-01-30 21:31:42,816 [INFO] PluginManage:307 - Check plugin ddr
2024-01-30 21:31:42,816 [INFO] PluginManage:356 - Loaded plugin ddr (category:tool,tabindex:6)
2024-01-30 21:31:42,816 [INFO] PluginManage:307 - Check plugin filemanager
2024-01-30 21:31:42,943 [INFO] PluginManage:356 - Loaded plugin filemanager (category:base,tabindex:10)
2024-01-30 21:31:42,943 [INFO] PluginManage:307 - Check plugin ipmanager
2024-01-30 21:31:42,943 [INFO] PluginManage:356 - Loaded plugin ipmanager (category:base,tabindex:5)
2024-01-30 21:31:42,943 [INFO] PluginManage:307 - Check plugin lpbam
2024-01-30 21:31:42,969 [INFO] PluginManage:356 - Loaded plugin lpbam (category:base,tabindex:0)
2024-01-30 21:31:42,969 [INFO] PluginManage:307 - Check plugin pinoutandconfiguration
2024-01-30 21:31:42,991 [INFO] PluginManage:356 - Loaded plugin pinoutandconfiguration (category:base,tabindex:1)
2024-01-30 21:31:42,991 [INFO] PluginManage:307 - Check plugin pinoutconfig
2024-01-30 21:31:43,026 [INFO] PluginManage:356 - Loaded plugin pinoutconfig (category:base,tabindex:0)
2024-01-30 21:31:43,026 [INFO] PluginManage:307 - Check plugin power
2024-01-30 21:31:43,054 [INFO] PluginManage:356 - Loaded plugin power (category:power,tabindex:4)
2024-01-30 21:31:43,054 [INFO] PluginManage:307 - Check plugin projectmanager
2024-01-30 21:31:43,074 [INFO] PluginManage:356 - Loaded plugin projectmanager (category:projectmanager,tabindex:3)
2024-01-30 21:31:43,074 [INFO] PluginManage:307 - Check plugin thirdparty
2024-01-30 21:31:43,340 [INFO] PluginManage:356 - Loaded plugin thirdparty (category:base,tabindex:-1)
2024-01-30 21:31:43,340 [INFO] PluginManage:307 - Check plugin tools
2024-01-30 21:31:43,340 [WARN] IntegrityCheckThread:82 - waiting for thirdparty lock release [integrity check]
2024-01-30 21:31:43,340 [INFO] IntegrityCheckThread:84 - entering critical section [integrity check]
2024-01-30 21:31:43,340 [INFO] ThirdPartyUpdaterWithRetryManager:70 - Updater plugin not ready yet. [1/15]
2024-01-30 21:31:43,366 [INFO] PluginManage:356 - Loaded plugin tools (category:base,tabindex:7)
2024-01-30 21:31:43,366 [INFO] PluginManage:307 - Check plugin tutovideos
2024-01-30 21:31:43,562 [INFO] PluginManage:356 - Loaded plugin tutovideos (category:base,tabindex:-1)
2024-01-30 21:31:43,573 [INFO] PluginManage:307 - Check plugin updater
2024-01-30 21:31:43,578 [INFO] PluginManage:356 - Loaded plugin updater (category:base,tabindex:12)
2024-01-30 21:31:43,594 [INFO] PluginManage:280 - PluginManage : Loaded plugins [15]
2024-01-30 21:31:43,832 [INFO] PinOutPanel:1477 - setPackage(No Configuration,No Configuration)
2024-01-30 21:31:43,880 [INFO] CADModel:164 - CPN selected for project level
2024-01-30 21:31:43,880 [INFO] CADModel:113 - Register for checkConnection events
2024-01-30 21:31:43,916 [INFO] IPUIPlugin:79 - create IPUIPlugin
2024-01-30 21:31:43,916 [INFO] PluginManager:219 - loadIPPluginJar : add adc
2024-01-30 21:31:43,943 [INFO] IPUIPlugin:79 - create IPUIPlugin
2024-01-30 21:31:43,943 [INFO] PluginManager:219 - loadIPPluginJar : add aes
2024-01-30 21:31:43,975 [INFO] IPUIPlugin:79 - create IPUIPlugin
2024-01-30 21:31:43,975 [INFO] PluginManager:219 - loadIPPluginJar : add can
2024-01-30 21:31:43,991 [INFO] IPUIPlugin:79 - create IPUIPlugin
2024-01-30 21:31:43,991 [INFO] PluginManager:219 - loadIPPluginJar : add comp
2024-01-30 21:31:44,017 [INFO] IPUIPlugin:79 - create IPUIPlugin
2024-01-30 21:31:44,017 [INFO] PluginManager:219 - loadIPPluginJar : add cryp
2024-01-30 21:31:44,038 [INFO] IPUIPlugin:79 - create IPUIPlugin
2024-01-30 21:31:44,038 [INFO] PluginManager:219 - loadIPPluginJar : add dfsdm
2024-01-30 21:31:44,048 [INFO] IPUIPlugin:79 - create IPUIPlugin
2024-01-30 21:31:44,048 [INFO] PluginManager:219 - loadIPPluginJar : add dma
2024-01-30 21:31:44,079 [INFO] IPUIPlugin:79 - create IPUIPlugin
2024-01-30 21:31:44,079 [INFO] PluginManager:219 - loadIPPluginJar : add dma3
2024-01-30 21:31:44,085 [INFO] IPUIPlugin:79 - create IPUIPlugin
2024-01-30 21:31:44,085 [INFO] PluginManager:219 - loadIPPluginJar : add fatfs
2024-01-30 21:31:44,132 [INFO] IPUIPlugin:79 - create IPUIPlugin
2024-01-30 21:31:44,132 [INFO] PluginManager:219 - loadIPPluginJar : add fmc
2024-01-30 21:31:44,141 [INFO] IPUIPlugin:79 - create IPUIPlugin
2024-01-30 21:31:44,141 [INFO] PluginManager:219 - loadIPPluginJar : add freertos
2024-01-30 21:31:44,148 [INFO] IPUIPlugin:79 - create IPUIPlugin
2024-01-30 21:31:44,148 [INFO] PluginManager:219 - loadIPPluginJar : add genericplugin
2024-01-30 21:31:44,226 [INFO] IPUIPlugin:79 - create IPUIPlugin
2024-01-30 21:31:44,226 [INFO] PluginManager:219 - loadIPPluginJar : add gfxmmu
2024-01-30 21:31:44,322 [INFO] IPUIPlugin:79 - create IPUIPlugin
2024-01-30 21:31:44,322 [INFO] PluginManager:219 - loadIPPluginJar : add gic
2024-01-30 21:31:44,338 [INFO] IPUIPlugin:79 - create IPUIPlugin
2024-01-30 21:31:44,338 [INFO] PluginManager:219 - loadIPPluginJar : add gpio
2024-01-30 21:31:44,401 [INFO] IPUIPlugin:79 - create IPUIPlugin
2024-01-30 21:31:44,401 [INFO] PluginManager:219 - loadIPPluginJar : add gtzc
2024-01-30 21:31:44,421 [INFO] IPUIPlugin:79 - create IPUIPlugin
2024-01-30 21:31:44,421 [INFO] PluginManager:219 - loadIPPluginJar : add hash
2024-01-30 21:31:44,448 [INFO] IPUIPlugin:79 - create IPUIPlugin
2024-01-30 21:31:44,464 [INFO] PluginManager:219 - loadIPPluginJar : add i2c
2024-01-30 21:31:44,480 [INFO] IPUIPlugin:79 - create IPUIPlugin
2024-01-30 21:31:44,480 [INFO] PluginManager:219 - loadIPPluginJar : add i2s
2024-01-30 21:31:44,569 [INFO] IPUIPlugin:79 - create IPUIPlugin
2024-01-30 21:31:44,569 [INFO] PluginManager:219 - loadIPPluginJar : add ipddr
2024-01-30 21:31:44,622 [INFO] IPUIPlugin:79 - create IPUIPlugin
2024-01-30 21:31:44,622 [INFO] PluginManager:219 - loadIPPluginJar : add linkedlist
2024-01-30 21:31:44,654 [INFO] IPUIPlugin:79 - create IPUIPlugin
2024-01-30 21:31:44,654 [INFO] PluginManager:219 - loadIPPluginJar : add lorawan
2024-01-30 21:31:44,685 [INFO] IPUIPlugin:79 - create IPUIPlugin
2024-01-30 21:31:44,685 [INFO] PluginManager:219 - loadIPPluginJar : add ltdc
2024-01-30 21:31:44,685 [INFO] IPUIPlugin:79 - create IPUIPlugin
2024-01-30 21:31:44,685 [INFO] PluginManager:219 - loadIPPluginJar : add mdma
2024-01-30 21:31:44,701 [INFO] IPUIPlugin:79 - create IPUIPlugin
2024-01-30 21:31:44,701 [INFO] PluginManager:219 - loadIPPluginJar : add nvic
2024-01-30 21:31:44,732 [INFO] IPUIPlugin:79 - create IPUIPlugin
2024-01-30 21:31:44,732 [INFO] PluginManager:219 - loadIPPluginJar : add opamp
2024-01-30 21:31:44,774 [INFO] IPUIPlugin:79 - create IPUIPlugin
2024-01-30 21:31:44,774 [INFO] PluginManager:219 - loadIPPluginJar : add openamp
2024-01-30 21:31:44,806 [INFO] IPUIPlugin:79 - create IPUIPlugin
2024-01-30 21:31:44,806 [INFO] PluginManager:219 - loadIPPluginJar : add pdm2pcm
2024-01-30 21:31:44,816 [INFO] IPUIPlugin:79 - create IPUIPlugin
2024-01-30 21:31:44,816 [INFO] PluginManager:219 - loadIPPluginJar : add plateformsettings
2024-01-30 21:31:44,827 [INFO] IPUIPlugin:79 - create IPUIPlugin
2024-01-30 21:31:44,827 [INFO] PluginManager:219 - loadIPPluginJar : add quadspi
2024-01-30 21:31:44,843 [INFO] IPUIPlugin:79 - create IPUIPlugin
2024-01-30 21:31:44,843 [INFO] PluginManager:219 - loadIPPluginJar : add resmgrutility
2024-01-30 21:31:44,885 [INFO] IPUIPlugin:79 - create IPUIPlugin
2024-01-30 21:31:44,885 [INFO] PluginManager:219 - loadIPPluginJar : add sai
2024-01-30 21:31:44,907 [INFO] IPUIPlugin:79 - create IPUIPlugin
2024-01-30 21:31:44,907 [INFO] PluginManager:219 - loadIPPluginJar : add spi
2024-01-30 21:31:44,948 [INFO] IPUIPlugin:79 - create IPUIPlugin
2024-01-30 21:31:44,948 [INFO] PluginManager:219 - loadIPPluginJar : add stm32_wpan
2024-01-30 21:31:44,954 [INFO] IPUIPlugin:79 - create IPUIPlugin
2024-01-30 21:31:44,954 [INFO] PluginManager:219 - loadIPPluginJar : add tim
2024-01-30 21:31:45,002 [INFO] IPUIPlugin:79 - create IPUIPlugin
2024-01-30 21:31:45,002 [INFO] PluginManager:219 - loadIPPluginJar : add touchsensing
2024-01-30 21:31:45,022 [INFO] IPUIPlugin:79 - create IPUIPlugin
2024-01-30 21:31:45,022 [INFO] PluginManager:219 - loadIPPluginJar : add tracer_emb
2024-01-30 21:31:45,033 [INFO] IPUIPlugin:79 - create IPUIPlugin
2024-01-30 21:31:45,033 [INFO] PluginManager:219 - loadIPPluginJar : add ts
2024-01-30 21:31:45,049 [INFO] IPUIPlugin:79 - create IPUIPlugin
2024-01-30 21:31:45,049 [INFO] PluginManager:219 - loadIPPluginJar : add tsc
2024-01-30 21:31:45,065 [INFO] IPUIPlugin:79 - create IPUIPlugin
2024-01-30 21:31:45,065 [INFO] PluginManager:219 - loadIPPluginJar : add ucpd
2024-01-30 21:31:45,096 [INFO] IPUIPlugin:79 - create IPUIPlugin
2024-01-30 21:31:45,096 [INFO] PluginManager:219 - loadIPPluginJar : add usart
2024-01-30 21:31:45,128 [INFO] IPUIPlugin:79 - create IPUIPlugin
2024-01-30 21:31:45,128 [INFO] PluginManager:219 - loadIPPluginJar : add usbx
2024-01-30 21:31:45,251 [INFO] CADModel:164 - CPN selected for project level
2024-01-30 21:31:45,251 [INFO] CADModel:113 - Register for checkConnection events
2024-01-30 21:31:45,251 [FATAL] Updater:308 - Updater called before beeing initialized
2024-01-30 21:31:45,251 [ERROR] CADModel:124 - Updater not yet initialized, retry later 
2024-01-30 21:31:45,394 [INFO] CADModel:164 - CPN selected for project level
2024-01-30 21:31:45,394 [INFO] CADModel:113 - Register for checkConnection events
2024-01-30 21:31:45,394 [FATAL] Updater:308 - Updater called before beeing initialized
2024-01-30 21:31:45,394 [ERROR] CADModel:124 - Updater not yet initialized, retry later 
2024-01-30 21:31:45,404 [FATAL] Updater:308 - Updater called before beeing initialized
2024-01-30 21:31:45,521 [FATAL] Updater:308 - Updater called before beeing initialized
2024-01-30 21:31:45,547 [INFO] DbMcusAds:52 - JSON generation date=Wed Nov 29 12:52:38 GMT+02:00 2023 (1701255158764)
2024-01-30 21:31:45,547 [FATAL] Updater:308 - Updater called before beeing initialized
2024-01-30 21:31:45,643 [WARN] DetailPanel:344 - Failed to get advertising image, set to default
2024-01-30 21:31:45,753 [FATAL] Updater:308 - Updater called before beeing initialized
2024-01-30 21:31:45,753 [FATAL] Updater:308 - Updater called before beeing initialized
2024-01-30 21:31:45,753 [FATAL] Updater:308 - Updater called before beeing initialized
2024-01-30 21:31:45,759 [WARN] DetailPanel:344 - Failed to get advertising image, set to default
2024-01-30 21:31:45,759 [FATAL] Updater:308 - Updater called before beeing initialized
2024-01-30 21:31:45,807 [ERROR] Updater:1120 - MainUpdater not yet initialized. External WinMGr cannot be set.
2024-01-30 21:31:45,817 [INFO] Updater:1056 - Updater Version found : 6.7.0
2024-01-30 21:31:45,823 [INFO] ApplicationProperties:181 - Using Application install path: D:\DoNotTouch_install\STM32CubeIDE_1.11.0\STM32CubeIDE\plugins\com.st.stm32cube.common.mx_6.7.0.202211181646
2024-01-30 21:31:46,345 [INFO] ThirdPartyUpdaterWithRetryManager:70 - Updater plugin not ready yet. [2/15]
2024-01-30 21:31:46,458 [INFO] MainUpdater:2800 - connection check result : 10
2024-01-30 21:31:46,458 [INFO] MainUpdater:3494 - Updater definition file requires update
2024-01-30 21:31:46,458 [INFO] MainUpdater:282 - Updater Check For Update Now.
2024-01-30 21:31:46,458 [INFO] MicroXplorer:481 - Change Database Version : DB.6.0.70
2024-01-30 21:31:46,569 [INFO] ServerAccessManage:474 - Download File updaters.zip
2024-01-30 21:31:46,777 [INFO] FileExtend:239 - Unzip File : updaters.zip
2024-01-30 21:31:46,777 [INFO] FileExtend:254 - Standard Zip Deflate
2024-01-30 21:31:47,534 [INFO] ServerAccessManage:474 - Download File PacksControlFlags.xml
2024-01-30 21:31:47,678 [INFO] ServerAccessManage:474 - Download File cubemx.pidx
2024-01-30 21:31:48,542 [INFO] ServerAccessManage:474 - Download File STMicroelectronics.X-CUBE-EEPRMA1.pdsc
2024-01-30 21:31:48,981 [ERROR] ServerAccessManage:1090 - Problem, file not found on Server
2024-01-30 21:31:49,348 [WARN] MainUpdater:1186 - Updater busy. Cannot search thirdparties
2024-01-30 21:31:49,349 [INFO] ThirdPartyUpdaterWithRetryManager:96 - Updater plugin is busy. [1/15]
2024-01-30 21:31:49,546 [ERROR] ServerAccessManage:1090 - Problem, file not found on Server
2024-01-30 21:31:50,723 [INFO] ServerAccessManage:474 - Download File STMicroelectronics.X-CUBE-TOUCHGFX.pdsc
2024-01-30 21:31:52,362 [WARN] MainUpdater:1186 - Updater busy. Cannot search thirdparties
2024-01-30 21:31:52,362 [INFO] ThirdPartyUpdaterWithRetryManager:96 - Updater plugin is busy. [2/15]
2024-01-30 21:31:55,367 [WARN] MainUpdater:1186 - Updater busy. Cannot search thirdparties
2024-01-30 21:31:55,367 [INFO] ThirdPartyUpdaterWithRetryManager:96 - Updater plugin is busy. [3/15]
2024-01-30 21:31:55,368 [ERROR] ServerAccessManage:1097 - Problem, Http access forbiden
2024-01-30 21:31:55,372 [ERROR] ServerAccessManage:652 - Problem, Http access forbiden : RoweBots.I-CUBE-UNISONRTOS.pdsc.
2024-01-30 21:31:55,545 [WARN] PackLoader:242 - Cannot read IP mode file for STMicroelectronics.X-CUBE-EEPRMA1.5.1.0
2024-01-30 21:31:55,553 [WARN] PackLoader:242 - Cannot read IP mode file for STMicroelectronics.X-CUBE-TOUCHGFX.4.23.0
2024-01-30 21:31:55,553 [INFO] PopulateThirdPartyThread:64 - Ending populate Thread
2024-01-30 21:31:55,554 [INFO] ThirdParty:999 - CMSIS Pack Vendor :STMicroelectronics X-CUBE-EEPRMA1 5.1.0
2024-01-30 21:31:55,554 [INFO] ThirdParty:999 - CMSIS Pack Vendor :STMicroelectronics X-CUBE-TOUCHGFX 4.23.0
2024-01-30 21:31:55,554 [INFO] LoadServerUpdatesThread:367 - End of LoadServerUpdate Thread
2024-01-30 21:31:55,668 [INFO] CheckServerUpdateThread:119 - End of CheckServer Thread
2024-01-30 21:31:55,718 [INFO] MainUpdater:2800 - connection check result : 10
2024-01-30 21:31:55,754 [INFO] McuFinderGlobals:65 - Set McuFinderConnectedMode to true
2024-01-30 21:31:56,242 [INFO] ServerAccessManage:474 - Download File mcusAds.json._tmp_
2024-01-30 21:31:56,368 [INFO] LoadUrlFilesThread:150 - End of LoadUrlFiles Thread
2024-01-30 21:31:56,465 [INFO] ServerAccessManage:474 - Download File cube-finder-db.zip
2024-01-30 21:31:58,382 [WARN] MainUpdater:1186 - Updater busy. Cannot search thirdparties
2024-01-30 21:31:58,382 [INFO] ThirdPartyUpdaterWithRetryManager:96 - Updater plugin is busy. [4/15]
2024-01-30 21:32:01,394 [WARN] MainUpdater:1186 - Updater busy. Cannot search thirdparties
2024-01-30 21:32:01,394 [INFO] ThirdPartyUpdaterWithRetryManager:96 - Updater plugin is busy. [5/15]
2024-01-30 21:32:04,394 [WARN] MainUpdater:1186 - Updater busy. Cannot search thirdparties
2024-01-30 21:32:04,394 [INFO] ThirdPartyUpdaterWithRetryManager:96 - Updater plugin is busy. [6/15]
2024-01-30 21:32:07,399 [WARN] MainUpdater:1186 - Updater busy. Cannot search thirdparties
2024-01-30 21:32:07,399 [INFO] ThirdPartyUpdaterWithRetryManager:96 - Updater plugin is busy. [7/15]
2024-01-30 21:32:10,401 [WARN] MainUpdater:1186 - Updater busy. Cannot search thirdparties
2024-01-30 21:32:10,401 [INFO] ThirdPartyUpdaterWithRetryManager:96 - Updater plugin is busy. [8/15]
2024-01-30 21:32:13,411 [WARN] MainUpdater:1186 - Updater busy. Cannot search thirdparties
2024-01-30 21:32:13,411 [INFO] ThirdPartyUpdaterWithRetryManager:96 - Updater plugin is busy. [9/15]
2024-01-30 21:32:15,912 [INFO] FileExtend:239 - Unzip File : cube-finder-db.zip
2024-01-30 21:32:15,912 [INFO] FileExtend:254 - Standard Zip Deflate
2024-01-30 21:32:16,424 [WARN] MainUpdater:1186 - Updater busy. Cannot search thirdparties
2024-01-30 21:32:16,424 [INFO] ThirdPartyUpdaterWithRetryManager:96 - Updater plugin is busy. [10/15]
2024-01-30 21:32:16,673 [INFO] LoadUrlFilesThread:150 - End of LoadUrlFiles Thread
2024-01-30 21:32:17,279 [INFO] ServerAccessManage:474 - Download File crdb.zip
2024-01-30 21:32:18,441 [INFO] FileExtend:239 - Unzip File : crdb.zip
2024-01-30 21:32:18,441 [INFO] FileExtend:254 - Standard Zip Deflate
2024-01-30 21:32:18,582 [INFO] LoadUrlFilesThread:150 - End of LoadUrlFiles Thread
2024-01-30 21:32:19,118 [INFO] ServerAccessManage:474 - Download File tutoVideoDB.zip
2024-01-30 21:32:19,166 [INFO] FileExtend:239 - Unzip File : tutoVideoDB.zip
2024-01-30 21:32:19,166 [INFO] FileExtend:254 - Standard Zip Deflate
2024-01-30 21:32:19,291 [INFO] LoadUrlFilesThread:150 - End of LoadUrlFiles Thread
2024-01-30 21:32:19,299 [INFO] JxBrowserEngine:114 - Initiate JxBrowser Engine with user profile folder
2024-01-30 21:32:19,614 [WARN] PackLoader:242 - Cannot read IP mode file for STMicroelectronics.X-CUBE-SMBUS.2.1.0
2024-01-30 21:32:19,617 [WARN] PackLoader:242 - Cannot read IP mode file for STMicroelectronics.X-CUBE-TOUCHGFX.4.23.0
2024-01-30 21:32:19,648 [WARN] PackLoader:242 - Cannot read IP mode file for STMicroelectronics.X-CUBE-AZRTOS-F7.1.1.0
2024-01-30 21:32:19,662 [WARN] PackLoader:242 - Cannot read IP mode file for STMicroelectronics.FP-SNS-MOTENV1.4.3.2
2024-01-30 21:32:19,669 [WARN] PackLoader:242 - Cannot read IP mode file for STMicroelectronics.FP-SNS-FLIGHT1.5.0.2
2024-01-30 21:32:19,686 [WARN] PackLoader:242 - Cannot read IP mode file for STMicroelectronics.X-CUBE-DISPLAY.3.0.0
2024-01-30 21:32:19,706 [WARN] PackLoader:242 - Cannot read IP mode file for STMicroelectronics.X-CUBE-BLE1.7.0.0
2024-01-30 21:32:19,720 [WARN] PackLoader:242 - Cannot read IP mode file for emotas.I-CUBE-CANOPEN.1.3.0
2024-01-30 21:32:19,731 [WARN] PackLoader:242 - Cannot read IP mode file for STMicroelectronics.X-CUBE-TOUCHGFX.4.22.0
2024-01-30 21:32:19,743 [WARN] PackLoader:242 - Cannot read IP mode file for STMicroelectronics.X-CUBE-TOUCHGFX.4.22.1
2024-01-30 21:32:19,755 [WARN] PackLoader:242 - Cannot read IP mode file for STMicroelectronics.FP-SNS-SMARTAG2.1.2.0
2024-01-30 21:32:19,774 [INFO] LogOutputStream:76 - [STDOUT_REDIRECT] 1 : Invalid condition id : UX_CORESTACK_Condition cause : null
2024-01-30 21:32:19,775 [INFO] LogOutputStream:76 - [STDOUT_REDIRECT] 1 : Invalid condition id : UX_CORESTACK_Condition cause : null
2024-01-30 21:32:19,776 [INFO] LogOutputStream:76 - [STDOUT_REDIRECT] 1 : Invalid condition id : UX_CORESTACK_Condition cause : null
2024-01-30 21:32:19,776 [INFO] LogOutputStream:76 - [STDOUT_REDIRECT] 1 : Invalid condition id : UX_CORESTACK_Condition cause : null
2024-01-30 21:32:19,777 [INFO] LogOutputStream:76 - [STDOUT_REDIRECT] 1 : Invalid condition id : UX_CORESTACK_Condition cause : null
2024-01-30 21:32:19,780 [WARN] PackLoader:242 - Cannot read IP mode file for STMicroelectronics.X-CUBE-AZRTOS-WL.2.0.0
2024-01-30 21:32:19,793 [WARN] PackLoader:242 - Cannot read IP mode file for WES.I-CUBE-Cesium.1.3.0
2024-01-30 21:32:19,804 [WARN] PackLoader:242 - Cannot read IP mode file for STMicroelectronics.X-CUBE-BLE2.3.3.0
2024-01-30 21:32:19,815 [WARN] PackLoader:242 - Cannot read IP mode file for STMicroelectronics.X-CUBE-ALGOBUILD.1.3.0
2024-01-30 21:32:19,856 [WARN] PackLoader:242 - Cannot read IP mode file for STMicroelectronics.X-CUBE-AZRTOS-G0.1.1.0
2024-01-30 21:32:19,881 [WARN] PackLoader:242 - Cannot read IP mode file for STMicroelectronics.X-CUBE-NFC4.3.0.0
2024-01-30 21:32:19,899 [WARN] PackLoader:242 - Cannot read IP mode file for STMicroelectronics.X-CUBE-BLEMGR.3.0.0
2024-01-30 21:32:19,905 [WARN] PackLoader:242 - Cannot read IP mode file for STMicroelectronics.FP-ATR-SIGFOX1.3.2.0
2024-01-30 21:32:19,912 [WARN] PackLoader:242 - Cannot read IP mode file for STMicroelectronics.X-CUBE-EEPRMA1.5.1.0
2024-01-30 21:32:19,959 [WARN] PackLoader:242 - Cannot read IP mode file for SEGGER.I-CUBE-embOS.1.3.1
2024-01-30 21:32:20,014 [WARN] PackLoader:242 - Cannot read IP mode file for STMicroelectronics.X-CUBE-GNSS1.6.0.0
2024-01-30 21:32:20,052 [WARN] PackLoader:242 - Cannot read IP mode file for STMicroelectronics.X-CUBE-AZRTOS-F4.1.1.0
2024-01-30 21:32:20,068 [WARN] PackLoader:242 - Cannot read IP mode file for wolfSSL.I-CUBE-wolfSSL.5.6.3
2024-01-30 21:32:20,100 [WARN] PackLoader:242 - Cannot read IP mode file for STMicroelectronics.X-CUBE-AZRTOS-L5.2.0.0
2024-01-30 21:32:20,164 [WARN] PackLoader:242 - Cannot read IP mode file for STMicroelectronics.X-CUBE-MEMS1.9.6.0
2024-01-30 21:32:20,323 [WARN] PackLoader:242 - Cannot read IP mode file for STMicroelectronics.X-CUBE-EEPRMA1.4.2.0
2024-01-30 21:32:20,336 [WARN] PackLoader:242 - Cannot read IP mode file for ITTIA_DB.I-CUBE-ITTIADB.8.8.0
2024-01-30 21:32:20,349 [WARN] PackLoader:242 - Cannot read IP mode file for STMicroelectronics.X-CUBE-BLEMGR.2.0.0
2024-01-30 21:32:20,378 [WARN] ConditionMgr:437 - getConditionDescription Invalid condition id : UX DEVICE CLASS RTOS Condition cause : null
2024-01-30 21:32:20,379 [WARN] ConditionMgr:437 - getConditionDescription Invalid condition id : UX DEVICE CLASS RTOS Condition cause : null
2024-01-30 21:32:20,381 [WARN] PackLoader:242 - Cannot read IP mode file for STMicroelectronics.X-CUBE-AZRTOS-H7.3.1.0
2024-01-30 21:32:20,382 [WARN] ConditionMgr:1038 - genDependencies : Invalid condition id : UX DEVICE CLASS RTOS Condition cause : null
2024-01-30 21:32:20,382 [WARN] ConditionMgr:1038 - genDependencies : Invalid condition id : UX DEVICE CLASS RTOS Condition cause : null
2024-01-30 21:32:20,382 [WARN] ConditionMgr:1038 - genDependencies : Invalid condition id : UX DEVICE CLASS RTOS Condition cause : null
2024-01-30 21:32:20,383 [WARN] ConditionMgr:1038 - genDependencies : Invalid condition id : UX DEVICE CLASS RTOS Condition cause : null
2024-01-30 21:32:20,383 [WARN] ConditionMgr:1038 - genDependencies : Invalid condition id : UX DEVICE CLASS RTOS Condition cause : null
2024-01-30 21:32:20,396 [WARN] PackLoader:242 - Cannot read IP mode file for wolfSSL.I-CUBE-wolfSSL.5.5.4
2024-01-30 21:32:20,473 [WARN] PackLoader:242 - Cannot read IP mode file for STMicroelectronics.X-CUBE-NFC7.1.0.1
2024-01-30 21:32:20,490 [WARN] PackLoader:242 - Cannot read IP mode file for STMicroelectronics.X-CUBE-NFC6.3.0.0
2024-01-30 21:32:20,504 [WARN] PackLoader:242 - Cannot read IP mode file for STMicroelectronics.X-CUBE-EEPRMA1.4.1.0
2024-01-30 21:32:20,516 [WARN] PackLoader:242 - Cannot read IP mode file for STMicroelectronics.X-CUBE-AI.8.1.0
2024-01-30 21:32:20,543 [WARN] ConditionMgr:437 - getConditionDescription Invalid condition id : LAN8742 Phy interface Condition cause : null
2024-01-30 21:32:20,544 [WARN] PackLoader:242 - Cannot read IP mode file for STMicroelectronics.X-CUBE-AZRTOS-L4.2.0.0
2024-01-30 21:32:20,544 [WARN] ConditionMgr:1038 - genDependencies : Invalid condition id : LAN8742 Phy interface Condition cause : null
2024-01-30 21:32:20,545 [WARN] ConditionMgr:1038 - genDependencies : Invalid condition id : LAN8742 Phy interface Condition cause : null
2024-01-30 21:32:20,545 [WARN] ConditionMgr:1038 - genDependencies : Invalid condition id : LAN8742 Phy interface Condition cause : null
2024-01-30 21:32:20,559 [WARN] PackLoader:242 - Cannot read IP mode file for STMicroelectronics.X-CUBE-SFXS2LP1.4.0.0
2024-01-30 21:32:20,570 [WARN] PackLoader:242 - Cannot read IP mode file for STMicroelectronics.X-CUBE-ISPU.1.1.0
2024-01-30 21:32:20,591 [WARN] ConditionMgr:437 - getConditionDescription Invalid condition id : UX DEVICE CLASS RTOS Condition cause : null
2024-01-30 21:32:20,592 [WARN] ConditionMgr:437 - getConditionDescription Invalid condition id : UX DEVICE CLASS RTOS Condition cause : null
2024-01-30 21:32:20,594 [WARN] PackLoader:242 - Cannot read IP mode file for STMicroelectronics.X-CUBE-AZRTOS-WB.2.0.0
2024-01-30 21:32:20,594 [WARN] ConditionMgr:1038 - genDependencies : Invalid condition id : UX DEVICE CLASS RTOS Condition cause : null
2024-01-30 21:32:20,594 [WARN] ConditionMgr:1038 - genDependencies : Invalid condition id : UX DEVICE CLASS RTOS Condition cause : null
2024-01-30 21:32:20,595 [WARN] ConditionMgr:1038 - genDependencies : Invalid condition id : UX DEVICE CLASS RTOS Condition cause : null
2024-01-30 21:32:20,595 [WARN] ConditionMgr:1038 - genDependencies : Invalid condition id : UX DEVICE CLASS RTOS Condition cause : null
2024-01-30 21:32:20,595 [WARN] ConditionMgr:1038 - genDependencies : Invalid condition id : UX DEVICE CLASS RTOS Condition cause : null
2024-01-30 21:32:20,611 [WARN] PackLoader:242 - Cannot read IP mode file for STMicroelectronics.X-CUBE-SUBG2.5.0.0
2024-01-30 21:32:20,631 [WARN] PackLoader:242 - Cannot read IP mode file for STMicroelectronics.X-CUBE-TOF1.3.3.1
2024-01-30 21:32:20,661 [WARN] PackLoader:242 - Cannot read IP mode file for STMicroelectronics.X-CUBE-AZRTOS-G4.2.0.0
2024-01-30 21:32:20,681 [WARN] PackLoader:242 - Cannot read IP mode file for Infineon.AIROC-Wi-Fi-Bluetooth-STM32.1.5.1
2024-01-30 21:32:20,694 [WARN] PackLoader:242 - Cannot read IP mode file for STMicroelectronics.FP-SNS-MOTENVWB1.1.3.0
2024-01-30 21:32:20,698 [WARN] PackLoader:242 - Cannot read IP mode file for STMicroelectronics.FP-SNS-MOTENVWB1.1.3.1
2024-01-30 21:32:20,709 [WARN] PackLoader:242 - Cannot read IP mode file for STMicroelectronics.X-CUBE-ISPU.2.0.0
2024-01-30 21:32:20,757 [WARN] PackLoader:242 - Cannot read IP mode file for STMicroelectronics.X-CUBE-MEMS1.10.0.0
2024-01-30 21:32:20,882 [WARN] PackLoader:242 - Cannot read IP mode file for STMicroelectronics.X-CUBE-FREERTOS.1.1.0
2024-01-30 21:32:20,897 [WARN] PackLoader:242 - Cannot read IP mode file for portGmbH.I-Cube-SoM-uGOAL.1.1.0
2024-01-30 21:32:20,911 [WARN] PackLoader:242 - Cannot read IP mode file for STMicroelectronics.X-CUBE-ALS.1.0.1
2024-01-30 21:32:20,917 [WARN] PackLoader:242 - Cannot read IP mode file for STMicroelectronics.FP-ATR-ASTRA1.2.0.0
2024-01-30 21:32:20,943 [WARN] PackLoader:242 - Cannot read IP mode file for STMicroelectronics.X-CUBE-TOF1.3.4.0
2024-01-30 21:32:20,999 [WARN] PackLoader:242 - Cannot read IP mode file for STMicroelectronics.X-CUBE-AZRTOS-H7.3.2.0
2024-01-30 21:32:21,002 [INFO] ThirdParty:947 - Integrity check success = true
2024-01-30 21:32:21,002 [INFO] IntegrityCheckThread:98 - exiting critical section [integrity check]
2024-01-30 21:32:21,002 [INFO] IntegrityCheckThread:101 - End integrity checks thread
2024-01-30 21:32:22,875 [WARN] DbFile:40 - Overriding database path with different value: C:\Users\Lenovo\.stmcufinder\plugins\mcufinder/ => C:\Users\Lenovo\.stmcufinder\plugins\mcufinder
2024-01-30 21:32:22,988 [INFO] ServerAccessManage:474 - Download File api_config.json
2024-01-30 21:32:23,100 [INFO] LoadUrlFilesThread:150 - End of LoadUrlFiles Thread
2024-01-30 21:32:23,100 [INFO] DbMcusAds:52 - JSON generation date=Wed Nov 29 12:52:27 GMT+02:00 2023 (1701255147200)
2024-01-30 21:32:23,120 [INFO] LoadUrlFilesThread:179 - End of LoadServerUrlFiles without Thread
2024-01-30 21:32:23,120 [INFO] TargetSelectorAdapter:258 - Refresh data is successful
2024-01-30 21:32:23,238 [INFO] ApiDb:580 - Connected to CubeFinder SQLite database (C:\Users\Lenovo\.stmcufinder\plugins\mcufinder\mcu\cube-finder-db.db)
2024-01-30 21:32:23,310 [INFO] ApiDb:667 - CubeFinder database Data Model version=2.1
2024-01-30 21:32:23,311 [INFO] ApiDb:668 - CubeFinder database Configuration version=3.0.39
2024-01-30 21:32:23,311 [INFO] ApiDb:669 - CubeFinder database generation date=2024-01-11 (1704964531)
2024-01-30 21:32:23,311 [INFO] ApiDb:670 - CubeFinder database FW Pack versions=[FP-ATR-ASTRA1_V2.0.0, FP-SNS-FLIGHT1_V5.0.1, FP-SNS-FLIGHT1_V5.0.2, FP-SNS-MOTENV1_V4.3.1, FP-SNS-MOTENV1_V4.3.2, FP-SNS-MOTENVWB1_V1.3.1, FP-SNS-SMARTAG2_V1.2.0, STM32Cube_FW_C0_V1.1.0, STM32Cube_FW_F4_V1.28.0, STM32Cube_FW_F7_V1.17.0, STM32Cube_FW_G0_V1.6.2, STM32Cube_FW_G4_V1.5.2, STM32Cube_FW_H5_V0.5.1, STM32Cube_FW_H5_V1.1.1, STM32Cube_FW_H5_V1.2.0RC2, STM32Cube_FW_H7_V1.11.0, STM32Cube_FW_L0_V1.12.2, STM32Cube_FW_L5_V1.5.0, STM32Cube_FW_U5_V1.3.0RC4, STM32Cube_FW_U5_V1.4.0, STM32Cube_FW_WBA_V1.0.0RC1, STM32Cube_FW_WBA_V1.1.0RC1, STM32Cube_FW_WBA_V1.2.0, STM32Cube_FW_WBA_V1.2.0RC2, STM32Cube_FW_WB_V1.15.0RC1, STM32Cube_FW_WB_V1.16.0, STM32Cube_FW_WB_V1.16.0RC2, STM32Cube_FW_WB_V1.18.0, STM32Cube_FW_WL_V1.3.0, X-CUBE-ALGOBUILD_V1.3.0, X-CUBE-ALS_V1.0.1, X-CUBE-AZRTOS-F4_V1.1.0, X-CUBE-AZRTOS-F7_V1.1.0, X-CUBE-AZRTOS-G0_V1.1.0, X-CUBE-AZRTOS-G4_V2.0.0, X-CUBE-AZRTOS-H7_V3.2.0, X-CUBE-AZRTOS-L4_V1.0.0, X-CUBE-AZRTOS-L4_V2.0.0, X-CUBE-AZRTOS-L5_V1.1.0, X-CUBE-AZRTOS-WB_V2.0.0, X-CUBE-AZRTOS-WL_V2.0.0, X-CUBE-BLE1_V7.0.0, X-CUBE-BLE2_V3.3.0, X-CUBE-BLEMGR_V3.0.0, X-CUBE-EEPRMA1_V4.1.0, X-CUBE-EEPRMA1_V4.2.0, X-CUBE-FREERTOS_V1.1.0, X-CUBE-GNSS1_V6.0.0, X-CUBE-MEMS1_V10.0.0, X-CUBE-MEMS1_V9.1.0, X-CUBE-MEMS1_V9.4.0, X-CUBE-MEMS1_V9.6.0, X-CUBE-NFC4_V3.0.0, X-CUBE-NFC7_V1.0.1, X-CUBE-SFXS2LP1_V4.0.0, X-CUBE-SUBG2_V5.0.0, X-CUBE-TOF1_V3.4.0]
2024-01-30 21:32:25,065 [INFO] ApiDb:239 - Found 143 in-development CPN: [B-WB1M-WPAN1, B-WL5M-SUBG1, NUCLEO-C031C6, STEVAL-PROTEUS1, STEVAL-STWINBX1, STM320518-EVAL, STM32C0116-DK, STM32C011D6Y3TR, STM32C011D6Y6TR, STM32C011F4P3, STM32C011F4P6, STM32C011F4U3, STM32C011F4U6TR, STM32C011F6P3, STM32C011F6P6, STM32C011F6U3, STM32C011F6U6TR, STM32C011J4M3, STM32C011J4M6, STM32C011J6M3, STM32C011J6M6, STM32C0316-DK, STM32C031C4T3, STM32C031C4T6, STM32C031C4U3, STM32C031C4U6, STM32C031C6T3, STM32C031C6T6, STM32C031C6U3, STM32C031C6U6, STM32C031F4P3, STM32C031F4P6, STM32C031F6P3, STM32C031F6P6, STM32C031G4U3, STM32C031G4U6, STM32C031G6U3, STM32C031G6U6, STM32C031K4T3, STM32C031K4T6, STM32C031K4U3, STM32C031K4U6, STM32C031K6T3, STM32C031K6T6, STM32C031K6U3, STM32C031K6U6, STM32G071K8TXN, STM32G071K8UXN, STM32G081GBU6N, STM32G081KBT6N, STM32G081KBUXN, STM32G0B1CCT6N, STM32G0B1KCT6, STM32G0B1NEY6TR, STM32G0B1RCT6N, STM32G0C1CCT6, STM32G0C1CCT6N, STM32G0C1CCU6N, STM32G0C1CET6N, STM32G0C1CEU6N, STM32G0C1KCT6, STM32G0C1NEY6TR, STM32G0C1RCI6N, STM32G0C1RCT6N, STM32G0C1REI6N, STM32G0C1RET6N, STM32G0C1VCI6, STM32G0C1VEI6, STM32G471CCT6, STM32G471CCU6, STM32G471CET3, STM32G471CET6, STM32G471CEU3, STM32G471CEU6, STM32G471MCT6, STM32G471MET3, STM32G471MET6, STM32G471MEY6TR, STM32G471QCT6, STM32G471QET3, STM32G471RCT6, STM32G471RET3, STM32G471RET6, STM32G471VCH6, STM32G471VCI6, STM32G471VCT6, STM32G471VEH3, STM32G471VEH6, STM32G471VEI3, STM32G471VEI6, STM32G471VET3, STM32G471VET6, STM32G474CCT6, STM32L476VGY6PTR, STM32L4R5QGI6STR, STM32MP131AAE3, STM32MP131AAF3, STM32MP131AAG3, STM32MP131CAE3, STM32MP131CAF3, STM32MP131CAG3, STM32MP131DAE7, STM32MP131DAF7, STM32MP131DAG7, STM32MP131FAE7, STM32MP131FAF7, STM32MP131FAG7, STM32MP133AAE3, STM32MP133AAF3, STM32MP133AAG3, STM32MP133CAE3, STM32MP133CAF3, STM32MP133CAG3, STM32MP133DAE7, STM32MP133DAF7, STM32MP133DAG7, STM32MP133FAE7, STM32MP133FAF7, STM32MP133FAG7, STM32MP135AAE3, STM32MP135AAF3, STM32MP135AAG3, STM32MP135CAE3, STM32MP135CAF3, STM32MP135CAG3, STM32MP135DAE7, STM32MP135DAF7, STM32MP135DAG7, STM32MP135F-DK, STM32MP135FAE7, STM32MP135FAF7, STM32MP135FAF7T, STM32MP135FAF7U, STM32MP135FAG7, STM32U595ZJT6Q, STM32U599BJY6QTR, STM32U599NIH6Q, STM32U599NJH6Q, STM32U5A5ZJT6Q, STM32U5A9BJY6QTR, STM32U5A9NJH6Q, STM32WB1MMCH6, STM32WL5MOCH6TR]
2024-01-30 21:32:25,065 [INFO] DbMcus:215 - Found 3853 MCUs, 3853 are supported
2024-01-30 21:32:25,075 [INFO] ApiDb:422 - Load user favorites file C:\Users\Lenovo/.stm32cubeide/favorites.mcus.txt: 0 item(s)
2024-01-30 21:32:25,075 [INFO] ApiDb:426 - User favorites MCUs=[]
2024-01-30 21:32:25,075 [INFO] DbMcus:221 - Set 0 / 0 favorites MCUs
2024-01-30 21:32:25,299 [INFO] ApiDb:667 - CubeFinder database Data Model version=2.1
2024-01-30 21:32:25,299 [INFO] ApiDb:668 - CubeFinder database Configuration version=3.0.39
2024-01-30 21:32:25,304 [INFO] ApiDb:669 - CubeFinder database generation date=2024-01-11 (1704964531)
2024-01-30 21:32:25,304 [INFO] ApiDb:670 - CubeFinder database FW Pack versions=[FP-ATR-ASTRA1_V2.0.0, FP-SNS-FLIGHT1_V5.0.1, FP-SNS-FLIGHT1_V5.0.2, FP-SNS-MOTENV1_V4.3.1, FP-SNS-MOTENV1_V4.3.2, FP-SNS-MOTENVWB1_V1.3.1, FP-SNS-SMARTAG2_V1.2.0, STM32Cube_FW_C0_V1.1.0, STM32Cube_FW_F4_V1.28.0, STM32Cube_FW_F7_V1.17.0, STM32Cube_FW_G0_V1.6.2, STM32Cube_FW_G4_V1.5.2, STM32Cube_FW_H5_V0.5.1, STM32Cube_FW_H5_V1.1.1, STM32Cube_FW_H5_V1.2.0RC2, STM32Cube_FW_H7_V1.11.0, STM32Cube_FW_L0_V1.12.2, STM32Cube_FW_L5_V1.5.0, STM32Cube_FW_U5_V1.3.0RC4, STM32Cube_FW_U5_V1.4.0, STM32Cube_FW_WBA_V1.0.0RC1, STM32Cube_FW_WBA_V1.1.0RC1, STM32Cube_FW_WBA_V1.2.0, STM32Cube_FW_WBA_V1.2.0RC2, STM32Cube_FW_WB_V1.15.0RC1, STM32Cube_FW_WB_V1.16.0, STM32Cube_FW_WB_V1.16.0RC2, STM32Cube_FW_WB_V1.18.0, STM32Cube_FW_WL_V1.3.0, X-CUBE-ALGOBUILD_V1.3.0, X-CUBE-ALS_V1.0.1, X-CUBE-AZRTOS-F4_V1.1.0, X-CUBE-AZRTOS-F7_V1.1.0, X-CUBE-AZRTOS-G0_V1.1.0, X-CUBE-AZRTOS-G4_V2.0.0, X-CUBE-AZRTOS-H7_V3.2.0, X-CUBE-AZRTOS-L4_V1.0.0, X-CUBE-AZRTOS-L4_V2.0.0, X-CUBE-AZRTOS-L5_V1.1.0, X-CUBE-AZRTOS-WB_V2.0.0, X-CUBE-AZRTOS-WL_V2.0.0, X-CUBE-BLE1_V7.0.0, X-CUBE-BLE2_V3.3.0, X-CUBE-BLEMGR_V3.0.0, X-CUBE-EEPRMA1_V4.1.0, X-CUBE-EEPRMA1_V4.2.0, X-CUBE-FREERTOS_V1.1.0, X-CUBE-GNSS1_V6.0.0, X-CUBE-MEMS1_V10.0.0, X-CUBE-MEMS1_V9.1.0, X-CUBE-MEMS1_V9.4.0, X-CUBE-MEMS1_V9.6.0, X-CUBE-NFC4_V3.0.0, X-CUBE-NFC7_V1.0.1, X-CUBE-SFXS2LP1_V4.0.0, X-CUBE-SUBG2_V5.0.0, X-CUBE-TOF1_V3.4.0]
2024-01-30 21:32:25,339 [INFO] DbBoardsSqlite:225 - include board P-NUCLEO-WB55-NUCLEO as a kit item of type 'Nucleo-64'
2024-01-30 21:32:25,339 [INFO] DbBoardsSqlite:225 - include board P-NUCLEO-WB55-USBDONGLE as a kit item of type 'Nucleo USB Dongle'
2024-01-30 21:32:25,339 [INFO] DbBoardsSqlite:225 - include board STEVAL-IDP005V1 as a kit item of type 'Evaluation Board'
2024-01-30 21:32:25,339 [INFO] DbBoardsSqlite:225 - include board STEVAL-IDP005V2 as a kit item of type 'Evaluation Board'
2024-01-30 21:32:25,396 [INFO] ApiDb:239 - Found 143 in-development CPN: [B-WB1M-WPAN1, B-WL5M-SUBG1, NUCLEO-C031C6, STEVAL-PROTEUS1, STEVAL-STWINBX1, STM320518-EVAL, STM32C0116-DK, STM32C011D6Y3TR, STM32C011D6Y6TR, STM32C011F4P3, STM32C011F4P6, STM32C011F4U3, STM32C011F4U6TR, STM32C011F6P3, STM32C011F6P6, STM32C011F6U3, STM32C011F6U6TR, STM32C011J4M3, STM32C011J4M6, STM32C011J6M3, STM32C011J6M6, STM32C0316-DK, STM32C031C4T3, STM32C031C4T6, STM32C031C4U3, STM32C031C4U6, STM32C031C6T3, STM32C031C6T6, STM32C031C6U3, STM32C031C6U6, STM32C031F4P3, STM32C031F4P6, STM32C031F6P3, STM32C031F6P6, STM32C031G4U3, STM32C031G4U6, STM32C031G6U3, STM32C031G6U6, STM32C031K4T3, STM32C031K4T6, STM32C031K4U3, STM32C031K4U6, STM32C031K6T3, STM32C031K6T6, STM32C031K6U3, STM32C031K6U6, STM32G071K8TXN, STM32G071K8UXN, STM32G081GBU6N, STM32G081KBT6N, STM32G081KBUXN, STM32G0B1CCT6N, STM32G0B1KCT6, STM32G0B1NEY6TR, STM32G0B1RCT6N, STM32G0C1CCT6, STM32G0C1CCT6N, STM32G0C1CCU6N, STM32G0C1CET6N, STM32G0C1CEU6N, STM32G0C1KCT6, STM32G0C1NEY6TR, STM32G0C1RCI6N, STM32G0C1RCT6N, STM32G0C1REI6N, STM32G0C1RET6N, STM32G0C1VCI6, STM32G0C1VEI6, STM32G471CCT6, STM32G471CCU6, STM32G471CET3, STM32G471CET6, STM32G471CEU3, STM32G471CEU6, STM32G471MCT6, STM32G471MET3, STM32G471MET6, STM32G471MEY6TR, STM32G471QCT6, STM32G471QET3, STM32G471RCT6, STM32G471RET3, STM32G471RET6, STM32G471VCH6, STM32G471VCI6, STM32G471VCT6, STM32G471VEH3, STM32G471VEH6, STM32G471VEI3, STM32G471VEI6, STM32G471VET3, STM32G471VET6, STM32G474CCT6, STM32L476VGY6PTR, STM32L4R5QGI6STR, STM32MP131AAE3, STM32MP131AAF3, STM32MP131AAG3, STM32MP131CAE3, STM32MP131CAF3, STM32MP131CAG3, STM32MP131DAE7, STM32MP131DAF7, STM32MP131DAG7, STM32MP131FAE7, STM32MP131FAF7, STM32MP131FAG7, STM32MP133AAE3, STM32MP133AAF3, STM32MP133AAG3, STM32MP133CAE3, STM32MP133CAF3, STM32MP133CAG3, STM32MP133DAE7, STM32MP133DAF7, STM32MP133DAG7, STM32MP133FAE7, STM32MP133FAF7, STM32MP133FAG7, STM32MP135AAE3, STM32MP135AAF3, STM32MP135AAG3, STM32MP135CAE3, STM32MP135CAF3, STM32MP135CAG3, STM32MP135DAE7, STM32MP135DAF7, STM32MP135DAG7, STM32MP135F-DK, STM32MP135FAE7, STM32MP135FAF7, STM32MP135FAF7T, STM32MP135FAF7U, STM32MP135FAG7, STM32U595ZJT6Q, STM32U599BJY6QTR, STM32U599NIH6Q, STM32U599NJH6Q, STM32U5A5ZJT6Q, STM32U5A9BJY6QTR, STM32U5A9NJH6Q, STM32WB1MMCH6, STM32WL5MOCH6TR]
2024-01-30 21:32:25,459 [INFO] BoardInfo:879 - No configuration file found for board NUCLEO-H503RB
2024-01-30 21:32:25,459 [INFO] DbBoards:156 - Board is not supported: NUCLEO-H503RB
2024-01-30 21:32:25,460 [INFO] BoardInfo:879 - No configuration file found for board NUCLEO-H563ZI
2024-01-30 21:32:25,460 [INFO] DbBoards:156 - Board is not supported: NUCLEO-H563ZI
2024-01-30 21:32:25,495 [INFO] BoardInfo:879 - No configuration file found for board NUCLEO-U545RE-Q
2024-01-30 21:32:25,495 [INFO] DbBoards:156 - Board is not supported: NUCLEO-U545RE-Q
2024-01-30 21:32:25,496 [INFO] BoardInfo:879 - No configuration file found for board NUCLEO-U5A5ZJ-Q
2024-01-30 21:32:25,497 [INFO] DbBoards:156 - Board is not supported: NUCLEO-U5A5ZJ-Q
2024-01-30 21:32:25,499 [INFO] BoardInfo:879 - No configuration file found for board NUCLEO-WBA52CG
2024-01-30 21:32:25,499 [INFO] DbBoards:156 - Board is not supported: NUCLEO-WBA52CG
2024-01-30 21:32:25,503 [INFO] BoardInfo:879 - No configuration file found for board P-NUCLEO-WB55
2024-01-30 21:32:25,503 [INFO] DbBoards:156 - Kit is not supported: P-NUCLEO-WB55
2024-01-30 21:32:25,507 [INFO] BoardInfo:879 - No configuration file found for board STEVAL-BFA001V1B
2024-01-30 21:32:25,507 [INFO] DbBoards:156 - Kit is not supported: STEVAL-BFA001V1B
2024-01-30 21:32:25,507 [INFO] BoardInfo:879 - No configuration file found for board STEVAL-BFA001V2B
2024-01-30 21:32:25,507 [INFO] DbBoards:156 - Kit is not supported: STEVAL-BFA001V2B
2024-01-30 21:32:25,507 [INFO] BoardInfo:879 - No configuration file found for board STEVAL-MKBOXPRO
2024-01-30 21:32:25,507 [INFO] DbBoards:156 - Board is not supported: STEVAL-MKBOXPRO
2024-01-30 21:32:25,507 [INFO] BoardInfo:879 - No configuration file found for board STEVAL-SMARTAG2
2024-01-30 21:32:25,507 [INFO] DbBoards:156 - Board is not supported: STEVAL-SMARTAG2
2024-01-30 21:32:25,539 [INFO] BoardInfo:879 - No configuration file found for board STM32H573I-DK
2024-01-30 21:32:25,539 [INFO] DbBoards:156 - Board is not supported: STM32H573I-DK
2024-01-30 21:32:25,572 [INFO] BoardInfo:879 - No configuration file found for board STM32U5A9J-DK
2024-01-30 21:32:25,572 [INFO] DbBoards:156 - Board is not supported: STM32U5A9J-DK
2024-01-30 21:32:25,572 [INFO] DbBoards:160 - Found 188 boards, 176 are supported
2024-01-30 21:32:25,592 [INFO] ApiDb:422 - Load user favorites file C:\Users\Lenovo/.stm32cubeide/favorites.boards.txt: 1 item(s)
2024-01-30 21:32:25,593 [INFO] ApiDb:426 - User favorites Boards=[NUCLEO-F439ZI]
2024-01-30 21:32:25,593 [INFO] DbBoards:189 - Set 1 / 1 favorites Boards
2024-01-30 21:32:25,596 [INFO] ApiDb:667 - CubeFinder database Data Model version=2.1
2024-01-30 21:32:25,596 [INFO] ApiDb:668 - CubeFinder database Configuration version=3.0.39
2024-01-30 21:32:25,596 [INFO] ApiDb:669 - CubeFinder database generation date=2024-01-11 (1704964531)
2024-01-30 21:32:25,596 [INFO] ApiDb:670 - CubeFinder database FW Pack versions=[FP-ATR-ASTRA1_V2.0.0, FP-SNS-FLIGHT1_V5.0.1, FP-SNS-FLIGHT1_V5.0.2, FP-SNS-MOTENV1_V4.3.1, FP-SNS-MOTENV1_V4.3.2, FP-SNS-MOTENVWB1_V1.3.1, FP-SNS-SMARTAG2_V1.2.0, STM32Cube_FW_C0_V1.1.0, STM32Cube_FW_F4_V1.28.0, STM32Cube_FW_F7_V1.17.0, STM32Cube_FW_G0_V1.6.2, STM32Cube_FW_G4_V1.5.2, STM32Cube_FW_H5_V0.5.1, STM32Cube_FW_H5_V1.1.1, STM32Cube_FW_H5_V1.2.0RC2, STM32Cube_FW_H7_V1.11.0, STM32Cube_FW_L0_V1.12.2, STM32Cube_FW_L5_V1.5.0, STM32Cube_FW_U5_V1.3.0RC4, STM32Cube_FW_U5_V1.4.0, STM32Cube_FW_WBA_V1.0.0RC1, STM32Cube_FW_WBA_V1.1.0RC1, STM32Cube_FW_WBA_V1.2.0, STM32Cube_FW_WBA_V1.2.0RC2, STM32Cube_FW_WB_V1.15.0RC1, STM32Cube_FW_WB_V1.16.0, STM32Cube_FW_WB_V1.16.0RC2, STM32Cube_FW_WB_V1.18.0, STM32Cube_FW_WL_V1.3.0, X-CUBE-ALGOBUILD_V1.3.0, X-CUBE-ALS_V1.0.1, X-CUBE-AZRTOS-F4_V1.1.0, X-CUBE-AZRTOS-F7_V1.1.0, X-CUBE-AZRTOS-G0_V1.1.0, X-CUBE-AZRTOS-G4_V2.0.0, X-CUBE-AZRTOS-H7_V3.2.0, X-CUBE-AZRTOS-L4_V1.0.0, X-CUBE-AZRTOS-L4_V2.0.0, X-CUBE-AZRTOS-L5_V1.1.0, X-CUBE-AZRTOS-WB_V2.0.0, X-CUBE-AZRTOS-WL_V2.0.0, X-CUBE-BLE1_V7.0.0, X-CUBE-BLE2_V3.3.0, X-CUBE-BLEMGR_V3.0.0, X-CUBE-EEPRMA1_V4.1.0, X-CUBE-EEPRMA1_V4.2.0, X-CUBE-FREERTOS_V1.1.0, X-CUBE-GNSS1_V6.0.0, X-CUBE-MEMS1_V10.0.0, X-CUBE-MEMS1_V9.1.0, X-CUBE-MEMS1_V9.4.0, X-CUBE-MEMS1_V9.6.0, X-CUBE-NFC4_V3.0.0, X-CUBE-NFC7_V1.0.1, X-CUBE-SFXS2LP1_V4.0.0, X-CUBE-SUBG2_V5.0.0, X-CUBE-TOF1_V3.4.0]
2024-01-30 21:32:26,478 [ERROR] DbExamplesSqlite:417 - Missing JSON key: board_cpn
2024-01-30 21:32:26,478 [ERROR] DbExamplesSqlite:417 - Missing JSON key: board_cpn
2024-01-30 21:32:26,478 [ERROR] DbExamplesSqlite:417 - Missing JSON key: board_cpn
2024-01-30 21:32:26,478 [ERROR] DbExamplesSqlite:417 - Missing JSON key: board_cpn
2024-01-30 21:32:26,557 [INFO] DbExamplesSqlite:375 - Ignored 55 examples not supported by CubeIDE
2024-01-30 21:32:26,557 [INFO] DbExamplesSqlite:376 - Found 7560 examples active
2024-01-30 21:32:26,557 [INFO] DbExamplesSqlite:377 - Found 844 examples obsolete
2024-01-30 21:32:26,557 [INFO] DbExamplesSqlite:378 - Found 0 examples under development
2024-01-30 21:32:26,557 [INFO] DbExamplesSqlite:379 - Found 8 examples not building
2024-01-30 21:32:26,557 [INFO] DbExamples:124 - Found 7513 examples
2024-01-30 21:32:26,667 [ERROR] DbExamples:207 - Found 269 examples with invalid data (board or MCU)
2024-01-30 21:32:26,668 [INFO] DbExamples:221 - Found 92 boards with related examples
2024-01-30 21:32:26,669 [INFO] DbExamples:234 - Found 78 MCUs with related examples
2024-01-30 21:32:26,691 [INFO] ApiDb:422 - Load user favorites file C:\Users\Lenovo/.stm32cubeide/favorites.examples.txt: 0 item(s)
2024-01-30 21:32:26,692 [INFO] ApiDb:426 - User favorites Examples=[]
2024-01-30 21:32:26,692 [INFO] DbExamples:249 - Set 0 / 0 favorites Examples
2024-01-30 21:32:27,032 [INFO] McuFinderGlobals:65 - Set McuFinderConnectedMode to true
2024-01-30 21:32:27,039 [INFO] MultiScanPanel:196 - Auto-refresh data requested => check proxy status ongoing
2024-01-30 21:32:27,039 [INFO] FinderPluginLoader:92 - Searching for filters in installed packs
2024-01-30 21:32:28,371 [INFO] LoadUrlFilesThread:179 - End of LoadServerUrlFiles without Thread
2024-01-30 21:32:28,466 [INFO] DetailPanel:339 - Set advertising image to C:/Users/Lenovo/STM32Cube/Repository/\en.prom-stm32wl3-mcu-finder.jpg
2024-01-30 21:36:05,116 [INFO] MultiScanPanel:196 - Auto-refresh data requested => check proxy status ongoing
2024-01-30 21:36:05,251 [INFO] LoadUrlFilesThread:179 - End of LoadServerUrlFiles without Thread
2024-01-30 21:36:05,252 [INFO] DetailPanel:339 - Set advertising image to C:/Users/Lenovo/STM32Cube/Repository/\en.prom-stm32wl3-mcu-finder.jpg
2024-01-30 21:36:05,264 [INFO] DbBoards:633 - Loading board mini-images...
2024-01-30 21:36:07,205 [INFO] DbBoards:656 - Loaded 188 board mini-images
2024-01-30 21:37:08,981 [INFO] MainUpdater:2800 - connection check result : 10
2024-01-30 21:37:08,981 [INFO] MainUpdater:2800 - connection check result : 10
2024-01-30 21:37:09,029 [INFO] MicroXplorer:451 - Change Database Path : 
2024-01-30 21:37:09,029 [INFO] MicroXplorer:481 - Change Database Version : DB.6.0.70
2024-01-30 21:37:09,029 [WARN] ThirdParty:845 - waiting for thirdparty lock release [close project]
2024-01-30 21:37:09,029 [INFO] ThirdParty:847 - entering critical section [close project]
2024-01-30 21:37:09,029 [INFO] ThirdParty:857 - exiting critical section [close project]
2024-01-30 21:37:09,039 [INFO] PinOutPanel:1477 - setPackage(No Configuration,No Configuration)
2024-01-30 21:37:09,045 [INFO] UtilMem:74 - Begin LoadConfig() Used Memory: 819584960 Bytes (892338176)
2024-01-30 21:37:09,045 [INFO] OpenFileManager:307 - Change cursor
2024-01-30 21:37:09,109 [INFO] ProjectFactory:399 - No CPN specified for board NUCLEO-F439ZI => set CPN to STM32F439ZIT6
2024-01-30 21:37:09,109 [INFO] Mcu:1925 - Initializing MCU STM32F439Z(G-I)Tx STM32F439ZITx STM32F439ZIT6
2024-01-30 21:37:11,536 [INFO] Context:654 - Trying to add GPIOservice into a context  which must be forbidden
2024-01-30 21:37:12,075 [INFO] Rule:225 - rule 117617 - U5Cobra4M][GTZC] default value MPCBB3 and MPCBB5 - Not Secured memory - MPCBB1 is applicable
2024-01-30 21:37:12,075 [INFO] Rule:225 - rule 117617 - U5Cobra4M][GTZC] default value MPCBB3 and MPCBB5 - Not Secured memory - MPCBB1 is applicable
2024-01-30 21:37:12,075 [INFO] Rule:225 - rule 117617 - U5Cobra4M][GTZC] default value MPCBB3 and MPCBB5 - Not Secured memory - MPCBB2 is applicable
2024-01-30 21:37:12,075 [INFO] Rule:225 - rule 117617 - U5Cobra4M][GTZC] default value MPCBB3 and MPCBB5 - Not Secured memory - MPCBB2 is applicable
2024-01-30 21:37:12,075 [INFO] Rule:225 - rule 117617 - U5Cobra4M][GTZC] default value MPCBB3 and MPCBB5 - Not Secured memory - MPCBB3 is applicable
2024-01-30 21:37:12,075 [INFO] Rule:225 - rule 117617 - U5Cobra4M][GTZC] default value MPCBB3 and MPCBB5 - Not Secured memory - MPCBB3 is applicable
2024-01-30 21:37:12,075 [INFO] Rule:225 - rule 117617 - U5Cobra4M][GTZC] default value MPCBB3 and MPCBB5 - Not Secured memory - MPCBB4 is applicable
2024-01-30 21:37:12,075 [INFO] Rule:225 - rule 117617 - U5Cobra4M][GTZC] default value MPCBB3 and MPCBB5 - Not Secured memory - MPCBB4 is applicable
2024-01-30 21:37:12,075 [INFO] Rule:225 - rule 117617 - U5Cobra4M][GTZC] default value MPCBB3 and MPCBB5 - Secured memory - MPCBB1 is applicable
2024-01-30 21:37:12,075 [INFO] Rule:225 - rule 117617 - U5Cobra4M][GTZC] default value MPCBB3 and MPCBB5 - Secured memory - MPCBB2 is applicable
2024-01-30 21:37:12,075 [INFO] Rule:225 - rule 117617 - U5Cobra4M][GTZC] default value MPCBB3 and MPCBB5 - Secured memory - MPCBB3 is applicable
2024-01-30 21:37:12,075 [INFO] Rule:225 - rule 117617 - U5Cobra4M][GTZC] default value MPCBB3 and MPCBB5 - Secured memory - MPCBB4 is applicable
2024-01-30 21:37:12,075 [INFO] Rule:225 - rule 117617 - U5Cobra4M][GTZC] default value MPCBB3 and MPCBB5 - Privileged memory - MPCBB1 is applicable
2024-01-30 21:37:12,075 [INFO] Rule:225 - rule 117617 - U5Cobra4M][GTZC] default value MPCBB3 and MPCBB5 - Privileged memory - MPCBB2 is applicable
2024-01-30 21:37:12,075 [INFO] Rule:225 - rule 117617 - U5Cobra4M][GTZC] default value MPCBB3 and MPCBB5 - Privileged memory - MPCBB3 is applicable
2024-01-30 21:37:12,075 [INFO] Rule:225 - rule 117617 - U5Cobra4M][GTZC] default value MPCBB3 and MPCBB5 - Privileged memory - MPCBB4 is applicable
2024-01-30 21:37:12,075 [INFO] Rule:225 - rule 117617 - U5Cobra4M][GTZC] default value MPCBB3 and MPCBB5 - Not Privileged memory - MPCBB1 is applicable
2024-01-30 21:37:12,075 [INFO] Rule:225 - rule 117617 - U5Cobra4M][GTZC] default value MPCBB3 and MPCBB5 - Not Privileged memory - MPCBB2 is applicable
2024-01-30 21:37:12,075 [INFO] Rule:225 - rule 117617 - U5Cobra4M][GTZC] default value MPCBB3 and MPCBB5 - Not Privileged memory - MPCBB3 is applicable
2024-01-30 21:37:12,075 [INFO] Rule:225 - rule 117617 - U5Cobra4M][GTZC] default value MPCBB3 and MPCBB5 - Not Privileged memory - MPCBB4 is applicable
2024-01-30 21:37:12,075 [INFO] Rule:225 - rule 117617 - U5Cobra4M][GTZC] default value MPCBB3 and MPCBB5 - Privileged memory - MPCBB1 is applicable
2024-01-30 21:37:12,075 [INFO] Rule:225 - rule 117617 - U5Cobra4M][GTZC] default value MPCBB3 and MPCBB5 - Privileged memory - MPCBB2 is applicable
2024-01-30 21:37:12,075 [INFO] Rule:225 - rule 117617 - U5Cobra4M][GTZC] default value MPCBB3 and MPCBB5 - Privileged memory - MPCBB3 is applicable
2024-01-30 21:37:12,075 [INFO] Rule:225 - rule 117617 - U5Cobra4M][GTZC] default value MPCBB3 and MPCBB5 - Privileged memory - MPCBB4 is applicable
2024-01-30 21:37:12,075 [INFO] Rule:225 - rule 117617 - U5Cobra4M][GTZC] default value MPCBB3 and MPCBB5 - Privileged memory - MPCBB1 is applicable
2024-01-30 21:37:12,075 [INFO] Rule:225 - rule 117617 - U5Cobra4M][GTZC] default value MPCBB3 and MPCBB5 - Privileged memory - MPCBB2 is applicable
2024-01-30 21:37:12,075 [INFO] Rule:225 - rule 117617 - U5Cobra4M][GTZC] default value MPCBB3 and MPCBB5 - Privileged memory - MPCBB3 is applicable
2024-01-30 21:37:12,075 [INFO] Rule:225 - rule 117617 - U5Cobra4M][GTZC] default value MPCBB3 and MPCBB5 - Privileged memory - MPCBB4 is applicable
2024-01-30 21:37:12,075 [INFO] Rule:225 - rule 117617 - U5Cobra4M][GTZC] default value MPCBB3 and MPCBB5 - Not Privileged memory - MPCBB1 is applicable
2024-01-30 21:37:12,075 [INFO] Rule:225 - rule 117617 - U5Cobra4M][GTZC] default value MPCBB3 and MPCBB5 - Not Privileged memory - MPCBB2 is applicable
2024-01-30 21:37:12,075 [INFO] Rule:225 - rule 117617 - U5Cobra4M][GTZC] default value MPCBB3 and MPCBB5 - Not Privileged memory - MPCBB3 is applicable
2024-01-30 21:37:12,075 [INFO] Rule:225 - rule 117617 - U5Cobra4M][GTZC] default value MPCBB3 and MPCBB5 - Not Privileged memory - MPCBB4 is applicable
2024-01-30 21:37:12,075 [INFO] Rule:225 - rule 117617 - U5Cobra4M][GTZC] default value MPCBB3 and MPCBB5 - Privileged memory - MPCBB1 is applicable
2024-01-30 21:37:12,075 [INFO] Rule:225 - rule 117617 - U5Cobra4M][GTZC] default value MPCBB3 and MPCBB5 - Privileged memory - MPCBB2 is applicable
2024-01-30 21:37:12,075 [INFO] Rule:225 - rule 117617 - U5Cobra4M][GTZC] default value MPCBB3 and MPCBB5 - Privileged memory - MPCBB3 is applicable
2024-01-30 21:37:12,075 [INFO] Rule:225 - rule 117617 - U5Cobra4M][GTZC] default value MPCBB3 and MPCBB5 - Privileged memory - MPCBB4 is applicable
2024-01-30 21:37:12,075 [INFO] Rule:225 - rule Rename SubGHz_Phy SUBGHZ_APPLICATION SUBGHZ_PINGPONG to SUBGHZ_ADV_APPLICATION is applicable
2024-01-30 21:37:12,075 [INFO] Rule:225 - rule Rename Enabled to IBEACON is applicable
2024-01-30 21:37:12,075 [INFO] Rule:225 - rule GTZC_S instance for project manager is applicable
2024-01-30 21:37:12,075 [INFO] Rule:225 - rule GTZC_S instance for context M33S is applicable
2024-01-30 21:37:12,075 [INFO] Rule:225 - rule GTZC_S instance value for IP GTZC is applicable
2024-01-30 21:37:12,075 [INFO] Rule:225 - rule GTZC_S instance for mcu.IP is applicable
2024-01-30 21:37:12,075 [INFO] Rule:225 - rule GTZC_S instance for VP is applicable
2024-01-30 21:37:12,075 [INFO] Rule:225 - rule GTZC_S instance for signal is applicable
2024-01-30 21:37:12,075 [INFO] Rule:225 - rule GTZC_S instance for mcu.Pin is applicable
2024-01-30 21:37:12,075 [INFO] Rule:225 - rule GTZC_S instance for VP is applicable
2024-01-30 21:37:12,075 [INFO] Rule:225 - rule GTZC_S instance for signal is applicable
2024-01-30 21:37:12,075 [INFO] Rule:225 - rule GTZC_S instance for mcu is applicable
2024-01-30 21:37:12,075 [INFO] Rule:225 - rule GTZC_S instance for mcu.Pin is applicable
2024-01-30 21:37:12,075 [INFO] Rule:225 - rule GTZC_S instance value for IP GTZC is applicable
2024-01-30 21:37:12,075 [INFO] Rule:225 - rule GTZC_S instance for project manager is applicable
2024-01-30 21:37:12,075 [INFO] Rule:225 - rule GTZC_S instance for context M33S is applicable
2024-01-30 21:37:12,075 [INFO] Rule:225 - rule GTZC_S instance for VP is applicable
2024-01-30 21:37:12,075 [INFO] Rule:225 - rule GTZC_S instance for signal is applicable
2024-01-30 21:37:12,075 [INFO] Rule:225 - rule Change Default Value for LSE Drive Capability for WB family is applicable
2024-01-30 21:37:12,075 [INFO] Rule:225 - rule Change Default Value for ADC Clock Prescaler G0 family is applicable
2024-01-30 21:37:12,075 [INFO] Rule:225 - rule OPAMP is applicable
2024-01-30 21:37:12,075 [INFO] Rule:225 - rule LPUART IPParameter rename Prescaler parameter to ClockPrescaler for STM32H7 is applicable
2024-01-30 21:37:12,075 [INFO] Rule:225 - rule LPUART IPParameter rename Prescaler parameter to ClockPrescaler for STM32H7 is applicable
2024-01-30 21:37:12,075 [INFO] Rule:225 - rule LPUART IPParameter rename Prescaler parameter to ClockPrescaler for STM32WB is applicable
2024-01-30 21:37:12,075 [INFO] Rule:225 - rule LPUART IPParameter rename Prescaler parameter to ClockPrescaler for STM32WB is applicable
2024-01-30 21:37:12,075 [INFO] Rule:225 - rule LPUART IPParameter rename Prescaler parameter to ClockPrescaler for STM32G4 is applicable
2024-01-30 21:37:12,075 [INFO] Rule:225 - rule LPUART IPParameter rename Prescaler parameter to ClockPrescaler for STM32G4 is applicable
2024-01-30 21:37:12,075 [INFO] Rule:225 - rule LPUART IPParameter rename Prescaler parameter to ClockPrescaler for STM32L5 is applicable
2024-01-30 21:37:12,075 [INFO] Rule:225 - rule LPUART IPParameter rename Prescaler parameter to ClockPrescaler for STM32L5 is applicable
2024-01-30 21:37:12,075 [INFO] Rule:225 - rule LPUART IPParameter rename Prescaler parameter to ClockPrescaler for STM32G4 is applicable
2024-01-30 21:37:12,075 [INFO] Rule:225 - rule LPUART IPParameter rename Prescaler parameter to ClockPrescaler for STM32G4 is applicable
2024-01-30 21:37:12,075 [INFO] Rule:225 - rule USB device lib V2.5.3 for L0 rename USBD_SUPPORT_USER_STRING parameter to USBD_SUPPORT_USER_STRING_DESC4 is applicable
2024-01-30 21:37:12,075 [INFO] Rule:225 - rule I2SCLockSelection clock entry align is applicable
2024-01-30 21:37:12,075 [INFO] Rule:225 - rule Assign TIMx context if used as SYS timebase is applicable
2024-01-30 21:37:12,075 [INFO] Rule:225 - rule Change GPIO_Pu Default Value for I2C is applicable
2024-01-30 21:37:12,075 [INFO] Rule:225 - rule Change GPIO_Pu Default Value for SMBus is applicable
2024-01-30 21:37:12,075 [INFO] Rule:225 - rule change FDCAN default value is applicable
2024-01-30 21:37:12,107 [INFO] DbConfProperties:305 - Apply Compatibility (3/73 Rules)
2024-01-30 21:37:12,139 [INFO] ImportTextPane:193 - (OptionalMessage_ERROR) Unable to find key (Mcu.ThirdPartyNb) in loaded IOC file
2024-01-30 21:37:12,418 [INFO] RtosManager:489 - Registered RTOS mode: class=CMSIS, group=RTOS, mode=CMSIS_V1, owner=FREERTOS
2024-01-30 21:37:12,418 [INFO] RtosManager:489 - Registered RTOS mode: class=CMSIS, group=RTOS2, mode=CMSIS_V2, owner=FREERTOS
2024-01-30 21:37:12,418 [INFO] RtosManager:489 - Registered RTOS mode: class=RTOS, group=Core, mode=CMSIS_V1, owner=FREERTOS
2024-01-30 21:37:12,418 [INFO] RtosManager:489 - Registered RTOS mode: class=RTOS, group=Core, mode=CMSIS_V2, owner=FREERTOS
2024-01-30 21:37:12,418 [WARN] ModelIntegratedComponent:185 - Missing modes for component STMicroelectronics:FreeRTOS:0.0.1:STMicroelectronics:RTOS:FreeRTOS:Core:::10.2.0:
2024-01-30 21:37:12,441 [WARN] ModelIntegratedComponent:64 - No mode defined for component null
2024-01-30 21:37:12,441 [WARN] ModelIntegratedComponent:64 - No mode defined for component null
2024-01-30 21:37:12,441 [WARN] ModelIntegratedComponent:64 - No mode defined for component null
2024-01-30 21:37:12,441 [WARN] ModelIntegratedComponent:64 - No mode defined for component null
2024-01-30 21:37:12,441 [WARN] ModelIntegratedComponent:64 - No mode defined for component null
2024-01-30 21:37:12,441 [WARN] ModelIntegratedComponent:64 - No mode defined for component null
2024-01-30 21:37:12,441 [WARN] ModelIntegratedComponent:64 - No mode defined for component null
2024-01-30 21:37:12,451 [WARN] ModelIntegratedComponent:64 - No mode defined for component null
2024-01-30 21:37:12,451 [WARN] ModelIntegratedComponent:64 - No mode defined for component null
2024-01-30 21:37:12,451 [WARN] ModelIntegratedComponent:64 - No mode defined for component null
2024-01-30 21:37:12,451 [WARN] ModelIntegratedComponent:64 - No mode defined for component null
2024-01-30 21:37:12,451 [WARN] ModelIntegratedComponent:64 - No mode defined for component null
2024-01-30 21:37:12,451 [WARN] ModelIntegratedComponent:64 - No mode defined for component null
2024-01-30 21:37:12,451 [WARN] ModelIntegratedComponent:64 - No mode defined for component null
2024-01-30 21:37:12,451 [WARN] ModelIntegratedComponent:64 - No mode defined for component null
2024-01-30 21:37:12,451 [WARN] ModelIntegratedComponent:64 - No mode defined for component null
2024-01-30 21:37:12,451 [WARN] ModelIntegratedComponent:64 - No mode defined for component null
2024-01-30 21:37:12,451 [WARN] ModelIntegratedComponent:64 - No mode defined for component null
2024-01-30 21:37:12,451 [WARN] ModelIntegratedComponent:64 - No mode defined for component null
2024-01-30 21:37:12,451 [WARN] ModelIntegratedComponent:64 - No mode defined for component null
2024-01-30 21:37:12,451 [WARN] ModelIntegratedComponent:64 - No mode defined for component null
2024-01-30 21:37:12,451 [WARN] ModelIntegratedComponent:64 - No mode defined for component null
2024-01-30 21:37:12,451 [WARN] ModelIntegratedComponent:64 - No mode defined for component null
2024-01-30 21:37:12,451 [WARN] ModelIntegratedComponent:64 - No mode defined for component null
2024-01-30 21:37:12,451 [WARN] ModelIntegratedComponent:64 - No mode defined for component null
2024-01-30 21:37:12,451 [WARN] ModelIntegratedComponent:64 - No mode defined for component null
2024-01-30 21:37:12,451 [WARN] ModelIntegratedComponent:64 - No mode defined for component null
2024-01-30 21:37:12,451 [WARN] ModelIntegratedComponent:64 - No mode defined for component null
2024-01-30 21:37:12,451 [WARN] ModelIntegratedComponent:64 - No mode defined for component null
2024-01-30 21:37:12,451 [WARN] ModelIntegratedComponent:64 - No mode defined for component null
2024-01-30 21:37:12,451 [WARN] ModelIntegratedComponent:64 - No mode defined for component null
2024-01-30 21:37:12,451 [WARN] ModelIntegratedComponent:64 - No mode defined for component null
2024-01-30 21:37:12,451 [WARN] ModelIntegratedComponent:64 - No mode defined for component null
2024-01-30 21:37:12,620 [INFO] ThirdPartyModel:294 - Start build external matchings
2024-01-30 21:37:13,617 [INFO] ThirdPartyModel:310 - End build external matchings
2024-01-30 21:37:13,633 [INFO] ImportTextPane:193 - (OptionalMessage_ERROR) IP (RCC) : Invalid parameter (ADC12outputFreq_Value)
2024-01-30 21:37:13,633 [INFO] ImportTextPane:193 - (OptionalMessage_ERROR) IP (RCC) : Invalid parameter (ADC34outputFreq_Value)
2024-01-30 21:37:13,633 [INFO] ImportTextPane:193 - (OptionalMessage_ERROR) IP (RCC) : Invalid parameter (FamilyName)
2024-01-30 21:37:13,633 [INFO] ImportTextPane:193 - (OptionalMessage_ERROR) IP (RCC) : Invalid parameter (I2C1Freq_Value)
2024-01-30 21:37:13,633 [INFO] ImportTextPane:193 - (OptionalMessage_ERROR) IP (RCC) : Invalid parameter (I2C2Freq_Value)
2024-01-30 21:37:13,633 [INFO] ImportTextPane:193 - (OptionalMessage_ERROR) IP (RCC) : Invalid parameter (I2C3Freq_Value)
2024-01-30 21:37:13,633 [INFO] ImportTextPane:193 - (OptionalMessage_ERROR) IP (RCC) : Parameter (MCO2PinFreq_Value) has invalid value (168000000)
2024-01-30 21:37:13,633 [INFO] ImportTextPane:193 - (OptionalMessage_ERROR) IP (RCC) : Invalid parameter (MCOFreq_Value)
2024-01-30 21:37:13,633 [INFO] ImportTextPane:193 - (OptionalMessage_ERROR) IP (RCC) : Invalid parameter (PLLMCOFreq_Value)
2024-01-30 21:37:13,633 [INFO] ImportTextPane:193 - (OptionalMessage_ERROR) IP (RCC) : Invalid parameter (PLLMUL)
2024-01-30 21:37:13,633 [INFO] ImportTextPane:193 - (OptionalMessage_ERROR) IP (RCC) : Invalid parameter (PRESCALERUSB)
2024-01-30 21:37:13,633 [INFO] ImportTextPane:193 - (OptionalMessage_ERROR) IP (RCC) : Parameter (RTCHSEDivFreq_Value) has invalid value (4000000)
2024-01-30 21:37:13,633 [INFO] ImportTextPane:193 - (OptionalMessage_ERROR) IP (RCC) : Invalid parameter (SYSCLKSourceVirtual)
2024-01-30 21:37:13,633 [INFO] ImportTextPane:193 - (OptionalMessage_ERROR) IP (RCC) : Invalid parameter (TIM15Freq_Value)
2024-01-30 21:37:13,633 [INFO] ImportTextPane:193 - (OptionalMessage_ERROR) IP (RCC) : Invalid parameter (TIM16Freq_Value)
2024-01-30 21:37:13,633 [INFO] ImportTextPane:193 - (OptionalMessage_ERROR) IP (RCC) : Invalid parameter (TIM17Freq_Value)
2024-01-30 21:37:13,633 [INFO] ImportTextPane:193 - (OptionalMessage_ERROR) IP (RCC) : Invalid parameter (TIM1Freq_Value)
2024-01-30 21:37:13,633 [INFO] ImportTextPane:193 - (OptionalMessage_ERROR) IP (RCC) : Invalid parameter (TIM20Freq_Value)
2024-01-30 21:37:13,633 [INFO] ImportTextPane:193 - (OptionalMessage_ERROR) IP (RCC) : Invalid parameter (TIM2Freq_Value)
2024-01-30 21:37:13,633 [INFO] ImportTextPane:193 - (OptionalMessage_ERROR) IP (RCC) : Invalid parameter (TIM3Freq_Value)
2024-01-30 21:37:13,633 [INFO] ImportTextPane:193 - (OptionalMessage_ERROR) IP (RCC) : Invalid parameter (TIM8Freq_Value)
2024-01-30 21:37:13,633 [INFO] ImportTextPane:193 - (OptionalMessage_ERROR) IP (RCC) : Invalid parameter (UART4Freq_Value)
2024-01-30 21:37:13,633 [INFO] ImportTextPane:193 - (OptionalMessage_ERROR) IP (RCC) : Invalid parameter (UART5Freq_Value)
2024-01-30 21:37:13,633 [INFO] ImportTextPane:193 - (OptionalMessage_ERROR) IP (RCC) : Invalid parameter (USART1Freq_Value)
2024-01-30 21:37:13,633 [INFO] ImportTextPane:193 - (OptionalMessage_ERROR) IP (RCC) : Invalid parameter (USART2Freq_Value)
2024-01-30 21:37:13,633 [INFO] ImportTextPane:193 - (OptionalMessage_ERROR) IP (RCC) : Invalid parameter (USART3Freq_Value)
2024-01-30 21:37:13,633 [INFO] ImportTextPane:193 - (OptionalMessage_ERROR) IP (RCC) : Invalid parameter (USBFreq_Value)
2024-01-30 21:37:13,633 [INFO] ImportTextPane:193 - (OptionalMessage_ERROR) IP (RCC) : Invalid parameter (VCOOutput2Freq_Value)
2024-01-30 21:37:14,077 [INFO] UtilMem:74 - End LoadConfig() Used Memory: 818435712 Bytes (934281216)
2024-01-30 21:37:14,250 [WARN] ThirdParty:807 - waiting for thirdparty lock release [change project]
2024-01-30 21:37:14,250 [INFO] ThirdParty:809 - entering critical section [change project]
2024-01-30 21:37:14,250 [INFO] ThirdParty:999 - CMSIS Pack Vendor :STMicroelectronics X-CUBE-ISPU 1.1.0
2024-01-30 21:37:14,250 [INFO] ThirdParty:999 - CMSIS Pack Vendor :STMicroelectronics X-CUBE-GNSS1 6.0.0
2024-01-30 21:37:14,250 [INFO] ThirdParty:999 - CMSIS Pack Vendor :STMicroelectronics USB_HOST 2.0.0
2024-01-30 21:37:14,250 [INFO] ThirdParty:999 - CMSIS Pack Vendor :STMicroelectronics X-CUBE-AZRTOS-F4 1.1.0
2024-01-30 21:37:14,250 [INFO] ThirdParty:999 - CMSIS Pack Vendor :STMicroelectronics LIBJPEG 8.0.0
2024-01-30 21:37:14,250 [INFO] ThirdParty:999 - CMSIS Pack Vendor :wolfSSL I-CUBE-wolfSSL 5.6.3
2024-01-30 21:37:14,250 [INFO] ThirdParty:999 - CMSIS Pack Vendor :STMicroelectronics X-CUBE-SMBUS 2.1.0
2024-01-30 21:37:14,250 [INFO] ThirdParty:999 - CMSIS Pack Vendor :STMicroelectronics USB_DEVICE 3.0.0
2024-01-30 21:37:14,250 [INFO] ThirdParty:999 - CMSIS Pack Vendor :STMicroelectronics X-CUBE-AZRTOS-WB 2.0.0
2024-01-30 21:37:14,250 [INFO] ThirdParty:999 - CMSIS Pack Vendor :STMicroelectronics X-CUBE-TOUCHGFX 4.23.0
2024-01-30 21:37:14,250 [INFO] ThirdParty:999 - CMSIS Pack Vendor :STMicroelectronics X-CUBE-AZRTOS-F7 1.1.0
2024-01-30 21:37:14,250 [INFO] ThirdParty:999 - CMSIS Pack Vendor :STMicroelectronics X-CUBE-AZRTOS-L5 2.0.0
2024-01-30 21:37:14,250 [INFO] ThirdParty:999 - CMSIS Pack Vendor :STMicroelectronics USB_DEVICE 2.0.0
2024-01-30 21:37:14,250 [INFO] ThirdParty:999 - CMSIS Pack Vendor :STMicroelectronics X-CUBE-MEMS1 9.6.0
2024-01-30 21:37:14,250 [INFO] ThirdParty:999 - CMSIS Pack Vendor :STMicroelectronics X-CUBE-EEPRMA1 4.2.0
2024-01-30 21:37:14,250 [INFO] ThirdParty:999 - CMSIS Pack Vendor :ITTIA_DB I-CUBE-ITTIADB 8.8.0
2024-01-30 21:37:14,250 [INFO] ThirdParty:999 - CMSIS Pack Vendor :STMicroelectronics FP-SNS-MOTENV1 4.3.2
2024-01-30 21:37:14,250 [INFO] ThirdParty:999 - CMSIS Pack Vendor :STMicroelectronics X-CUBE-ALGOBUILD 1.3.0
2024-01-30 21:37:14,250 [INFO] ThirdParty:999 - CMSIS Pack Vendor :STMicroelectronics FreeRTOS 0.0.1
2024-01-30 21:37:14,250 [INFO] ThirdParty:999 - CMSIS Pack Vendor :STMicroelectronics X-CUBE-AZRTOS-G0 1.1.0
2024-01-30 21:37:14,250 [INFO] ThirdParty:999 - CMSIS Pack Vendor :STMicroelectronics X-CUBE-BLEMGR 2.0.0
2024-01-30 21:37:14,250 [INFO] ThirdParty:999 - CMSIS Pack Vendor :STMicroelectronics X-CUBE-NFC4 3.0.0
2024-01-30 21:37:14,250 [INFO] ThirdParty:999 - CMSIS Pack Vendor :STMicroelectronics X-CUBE-SUBG2 5.0.0
2024-01-30 21:37:14,250 [INFO] ThirdParty:999 - CMSIS Pack Vendor :STMicroelectronics STM32_WPAN 1.0.0
2024-01-30 21:37:14,250 [INFO] ThirdParty:999 - CMSIS Pack Vendor :STMicroelectronics lwIP 2.0.3
2024-01-30 21:37:14,250 [INFO] ThirdParty:999 - CMSIS Pack Vendor :STMicroelectronics FP-SNS-FLIGHT1 5.0.2
2024-01-30 21:37:14,250 [INFO] ThirdParty:999 - CMSIS Pack Vendor :STMicroelectronics USB_HOST 1.0.0
2024-01-30 21:37:14,250 [INFO] ThirdParty:999 - CMSIS Pack Vendor :STMicroelectronics X-CUBE-TOF1 3.3.1
2024-01-30 21:37:14,250 [INFO] ThirdParty:999 - CMSIS Pack Vendor :STMicroelectronics X-CUBE-AZRTOS-G4 2.0.0
2024-01-30 21:37:14,250 [INFO] ThirdParty:999 - CMSIS Pack Vendor :STMicroelectronics PDM2PCM 3.1.0
2024-01-30 21:37:14,250 [INFO] ThirdParty:999 - CMSIS Pack Vendor :STMicroelectronics X-CUBE-AZRTOS-H7 3.1.0
2024-01-30 21:37:14,250 [INFO] ThirdParty:999 - CMSIS Pack Vendor :Infineon AIROC-Wi-Fi-Bluetooth-STM32 1.5.1
2024-01-30 21:37:14,250 [INFO] ThirdParty:999 - CMSIS Pack Vendor :STMicroelectronics X-CUBE-BLEMGR 3.0.0
2024-01-30 21:37:14,250 [INFO] ThirdParty:999 - CMSIS Pack Vendor :STMicroelectronics PDM2PCM 3.3.0
2024-01-30 21:37:14,250 [INFO] ThirdParty:999 - CMSIS Pack Vendor :STMicroelectronics X-CUBE-DISPLAY 3.0.0
2024-01-30 21:37:14,250 [INFO] ThirdParty:999 - CMSIS Pack Vendor :STMicroelectronics FP-SNS-MOTENVWB1 1.3.0
2024-01-30 21:37:14,250 [INFO] ThirdParty:999 - CMSIS Pack Vendor :STMicroelectronics FP-SNS-MOTENVWB1 1.3.1
2024-01-30 21:37:14,250 [INFO] ThirdParty:999 - CMSIS Pack Vendor :STMicroelectronics X-CUBE-BLE1 7.0.0
2024-01-30 21:37:14,250 [INFO] ThirdParty:999 - CMSIS Pack Vendor :STMicroelectronics FP-ATR-SIGFOX1 3.2.0
2024-01-30 21:37:14,250 [INFO] ThirdParty:999 - CMSIS Pack Vendor :wolfSSL I-CUBE-wolfSSL 5.5.4
2024-01-30 21:37:14,250 [INFO] ThirdParty:999 - CMSIS Pack Vendor :STMicroelectronics X-CUBE-ISPU 2.0.0
2024-01-30 21:37:14,250 [INFO] ThirdParty:999 - CMSIS Pack Vendor :STMicroelectronics X-CUBE-EEPRMA1 5.1.0
2024-01-30 21:37:14,250 [INFO] ThirdParty:999 - CMSIS Pack Vendor :STMicroelectronics HAL Drivers 0.0.0
2024-01-30 21:37:14,250 [INFO] ThirdParty:999 - CMSIS Pack Vendor :STMicroelectronics MBEDTLS 2.16.2
2024-01-30 21:37:14,250 [INFO] ThirdParty:999 - CMSIS Pack Vendor :emotas I-CUBE-CANOPEN 1.3.0
2024-01-30 21:37:14,250 [INFO] ThirdParty:999 - CMSIS Pack Vendor :STMicroelectronics X-CUBE-MEMS1 10.0.0
2024-01-30 21:37:14,250 [INFO] ThirdParty:999 - CMSIS Pack Vendor :STMicroelectronics X-CUBE-FREERTOS 1.1.0
2024-01-30 21:37:14,250 [INFO] ThirdParty:999 - CMSIS Pack Vendor :STMicroelectronics X-CUBE-TOUCHGFX 4.22.0
2024-01-30 21:37:14,250 [INFO] ThirdParty:999 - CMSIS Pack Vendor :STMicroelectronics X-CUBE-NFC7 1.0.1
2024-01-30 21:37:14,250 [INFO] ThirdParty:999 - CMSIS Pack Vendor :STMicroelectronics MBEDTLS 2.14.1
2024-01-30 21:37:14,250 [INFO] ThirdParty:999 - CMSIS Pack Vendor :STMicroelectronics X-CUBE-TOUCHGFX 4.22.1
2024-01-30 21:37:14,250 [INFO] ThirdParty:999 - CMSIS Pack Vendor :STMicroelectronics X-CUBE-NFC6 3.0.0
2024-01-30 21:37:14,250 [INFO] ThirdParty:999 - CMSIS Pack Vendor :STMicroelectronics X-CUBE-EEPRMA1 4.1.0
2024-01-30 21:37:14,250 [INFO] ThirdParty:999 - CMSIS Pack Vendor :portGmbH I-Cube-SoM-uGOAL 1.1.0
2024-01-30 21:37:14,250 [INFO] ThirdParty:999 - CMSIS Pack Vendor :STMicroelectronics X-CUBE-ALS 1.0.1
2024-01-30 21:37:14,250 [INFO] ThirdParty:999 - CMSIS Pack Vendor :STMicroelectronics ThreadX 1.0.0
2024-01-30 21:37:14,250 [INFO] ThirdParty:999 - CMSIS Pack Vendor :STMicroelectronics FP-SNS-SMARTAG2 1.2.0
2024-01-30 21:37:14,250 [INFO] ThirdParty:999 - CMSIS Pack Vendor :STMicroelectronics X-CUBE-AZRTOS-WL 2.0.0
2024-01-30 21:37:14,250 [INFO] ThirdParty:999 - CMSIS Pack Vendor :SEGGER I-CUBE-embOS 1.3.1
2024-01-30 21:37:14,250 [INFO] ThirdParty:999 - CMSIS Pack Vendor :STMicroelectronics USB_DEVICE 1.0.0
2024-01-30 21:37:14,250 [INFO] ThirdParty:999 - CMSIS Pack Vendor :STMicroelectronics X-CUBE-AI 8.1.0
2024-01-30 21:37:14,250 [INFO] ThirdParty:999 - CMSIS Pack Vendor :STMicroelectronics X-CUBE-AZRTOS-L4 2.0.0
2024-01-30 21:37:14,250 [INFO] ThirdParty:999 - CMSIS Pack Vendor :STMicroelectronics ThreadX 0.0.2
2024-01-30 21:37:14,250 [INFO] ThirdParty:999 - CMSIS Pack Vendor :WES I-CUBE-Cesium 1.3.0
2024-01-30 21:37:14,250 [INFO] ThirdParty:999 - CMSIS Pack Vendor :STMicroelectronics FP-ATR-ASTRA1 2.0.0
2024-01-30 21:37:14,250 [INFO] ThirdParty:999 - CMSIS Pack Vendor :STMicroelectronics lwIP 2.1.2
2024-01-30 21:37:14,250 [INFO] ThirdParty:999 - CMSIS Pack Vendor :STMicroelectronics X-CUBE-SFXS2LP1 4.0.0
2024-01-30 21:37:14,250 [INFO] ThirdParty:999 - CMSIS Pack Vendor :STMicroelectronics X-CUBE-BLE2 3.3.0
2024-01-30 21:37:14,250 [INFO] ThirdParty:999 - CMSIS Pack Vendor :STMicroelectronics X-CUBE-TOF1 3.4.0
2024-01-30 21:37:14,250 [INFO] ThirdParty:999 - CMSIS Pack Vendor :STMicroelectronics X-CUBE-AZRTOS-H7 3.2.0
2024-01-30 21:37:14,250 [INFO] ThirdParty:999 - CMSIS Pack Vendor :STMicroelectronics PDM2PCM 3.2.0
2024-01-30 21:37:14,250 [INFO] ThirdParty:815 - exiting critical section [change project]
2024-01-30 21:37:14,791 [INFO] PinOutPanel:1477 - setPackage(No Configuration,No Configuration)
2024-01-30 21:37:14,801 [INFO] PinOutPanel:1477 - setPackage(STM32F439ZITx,LQFP144)
2024-01-30 21:37:15,550 [INFO] UtilMem:74 - Before build in PCC Used Memory: 815755912 Bytes (934281216)
2024-01-30 21:37:16,358 [INFO] UtilMem:74 - After build in PCC Used Memory: 821504192 Bytes (934281216)
2024-01-30 21:37:16,390 [INFO] IPUIPlugin:79 - create IPUIPlugin
2024-01-30 21:37:16,390 [INFO] IPUIPlugin:79 - create IPUIPlugin
2024-01-30 21:37:16,390 [INFO] IPUIPlugin:79 - create IPUIPlugin
2024-01-30 21:37:16,390 [INFO] IPUIPlugin:79 - create IPUIPlugin
2024-01-30 21:37:16,390 [INFO] IPUIPlugin:79 - create IPUIPlugin
2024-01-30 21:37:16,390 [INFO] IPUIPlugin:79 - create IPUIPlugin
2024-01-30 21:37:16,390 [INFO] IPUIPlugin:79 - create IPUIPlugin
2024-01-30 21:37:16,390 [INFO] IPUIPlugin:79 - create IPUIPlugin
2024-01-30 21:37:16,390 [INFO] IPUIPlugin:79 - create IPUIPlugin
2024-01-30 21:37:16,390 [INFO] IPUIPlugin:79 - create IPUIPlugin
2024-01-30 21:37:16,390 [INFO] IPUIPlugin:79 - create IPUIPlugin
2024-01-30 21:37:16,390 [INFO] IPUIPlugin:79 - create IPUIPlugin
2024-01-30 21:37:16,390 [INFO] IPUIPlugin:79 - create IPUIPlugin
2024-01-30 21:37:16,390 [INFO] IPUIPlugin:79 - create IPUIPlugin
2024-01-30 21:37:16,390 [INFO] IPUIPlugin:79 - create IPUIPlugin
2024-01-30 21:37:16,390 [INFO] IPUIPlugin:79 - create IPUIPlugin
2024-01-30 21:37:16,390 [INFO] IPUIPlugin:79 - create IPUIPlugin
2024-01-30 21:37:16,390 [INFO] IPUIPlugin:79 - create IPUIPlugin
2024-01-30 21:37:16,390 [INFO] IPUIPlugin:79 - create IPUIPlugin
2024-01-30 21:37:16,390 [INFO] IPUIPlugin:79 - create IPUIPlugin
2024-01-30 21:37:16,390 [INFO] IPUIPlugin:79 - create IPUIPlugin
2024-01-30 21:37:16,390 [INFO] IPUIPlugin:79 - create IPUIPlugin
2024-01-30 21:37:16,390 [INFO] IPUIPlugin:79 - create IPUIPlugin
2024-01-30 21:37:16,390 [INFO] IPUIPlugin:79 - create IPUIPlugin
2024-01-30 21:37:16,390 [INFO] IPUIPlugin:79 - create IPUIPlugin
2024-01-30 21:37:16,390 [INFO] IPUIPlugin:79 - create IPUIPlugin
2024-01-30 21:37:16,390 [INFO] IPUIPlugin:79 - create IPUIPlugin
2024-01-30 21:37:16,390 [INFO] IPUIPlugin:79 - create IPUIPlugin
2024-01-30 21:37:16,390 [INFO] IPUIPlugin:79 - create IPUIPlugin
2024-01-30 21:37:16,390 [INFO] IPUIPlugin:79 - create IPUIPlugin
2024-01-30 21:37:16,390 [INFO] IPUIPlugin:79 - create IPUIPlugin
2024-01-30 21:37:16,406 [INFO] IPUIPlugin:79 - create IPUIPlugin
2024-01-30 21:37:16,406 [INFO] IPUIPlugin:79 - create IPUIPlugin
2024-01-30 21:37:16,406 [INFO] IPUIPlugin:79 - create IPUIPlugin
2024-01-30 21:37:16,406 [INFO] IPUIPlugin:79 - create IPUIPlugin
2024-01-30 21:37:16,406 [INFO] IPUIPlugin:79 - create IPUIPlugin
2024-01-30 21:37:16,406 [INFO] IPUIPlugin:79 - create IPUIPlugin
2024-01-30 21:37:16,406 [INFO] IPUIPlugin:79 - create IPUIPlugin
2024-01-30 21:37:16,406 [INFO] IPUIPlugin:79 - create IPUIPlugin
2024-01-30 21:37:16,406 [INFO] IPUIPlugin:79 - create IPUIPlugin
2024-01-30 21:37:16,406 [INFO] IPUIPlugin:79 - create IPUIPlugin
2024-01-30 21:37:16,406 [INFO] IPUIPlugin:79 - create IPUIPlugin
2024-01-30 21:37:16,406 [INFO] IPUIPlugin:79 - create IPUIPlugin
2024-01-30 21:37:16,406 [INFO] IPUIPlugin:79 - create IPUIPlugin
2024-01-30 21:37:16,406 [INFO] IPUIPlugin:79 - create IPUIPlugin
2024-01-30 21:37:16,406 [INFO] IPUIPlugin:79 - create IPUIPlugin
2024-01-30 21:37:16,406 [INFO] IPUIPlugin:79 - create IPUIPlugin
2024-01-30 21:37:16,406 [INFO] IPUIPlugin:79 - create IPUIPlugin
2024-01-30 21:37:16,406 [INFO] IPUIPlugin:79 - create IPUIPlugin
2024-01-30 21:37:16,406 [INFO] IPUIPlugin:79 - create IPUIPlugin
2024-01-30 21:37:16,406 [INFO] IPUIPlugin:79 - create IPUIPlugin
2024-01-30 21:37:16,406 [INFO] IPUIPlugin:79 - create IPUIPlugin
2024-01-30 21:37:16,406 [INFO] IPUIPlugin:79 - create IPUIPlugin
2024-01-30 21:37:16,406 [INFO] IPUIPlugin:79 - create IPUIPlugin
2024-01-30 21:37:16,406 [INFO] IPUIPlugin:79 - create IPUIPlugin
2024-01-30 21:37:16,406 [INFO] IPUIPlugin:79 - create IPUIPlugin
2024-01-30 21:37:16,406 [INFO] IPUIPlugin:79 - create IPUIPlugin
2024-01-30 21:37:16,406 [INFO] IPUIPlugin:79 - create IPUIPlugin
2024-01-30 21:37:16,406 [INFO] IPUIPlugin:79 - create IPUIPlugin
2024-01-30 21:37:16,416 [INFO] IPUIPlugin:79 - create IPUIPlugin
2024-01-30 21:37:16,416 [INFO] IPUIPlugin:79 - create IPUIPlugin
2024-01-30 21:37:16,416 [INFO] IPUIPlugin:79 - create IPUIPlugin
2024-01-30 21:37:16,416 [INFO] IPUIPlugin:79 - create IPUIPlugin
2024-01-30 21:37:16,416 [INFO] IPUIPlugin:79 - create IPUIPlugin
2024-01-30 21:37:16,416 [INFO] IPUIPlugin:79 - create IPUIPlugin
2024-01-30 21:37:16,416 [INFO] IPUIPlugin:79 - create IPUIPlugin
2024-01-30 21:37:16,416 [INFO] IPUIPlugin:79 - create IPUIPlugin
2024-01-30 21:37:16,416 [INFO] IPUIPlugin:79 - create IPUIPlugin
2024-01-30 21:37:16,486 [INFO] ApiDbMcu:505 - Load IP Config File for PDM2PCM
2024-01-30 21:37:16,771 [INFO] CADModel:164 - CPN selected for project levelSTM32F439ZIT6
2024-01-30 21:37:16,771 [INFO] CADModel:113 - Register for checkConnection events
2024-01-30 21:37:16,850 [INFO] OpenFileManager:327 - Restore cursor
2024-01-30 21:37:18,453 [INFO] UtilMem:74 - End SaveConfig() Used Memory: 812472512 Bytes (934281216)
2024-01-30 21:37:18,549 [INFO] UtilMem:74 - End SaveConfig() Used Memory: 837638336 Bytes (934281216)
2024-01-30 21:37:19,118 [INFO] BlockDiagram:2759 - set Specific Code input for plugin: SYS
2024-01-30 21:37:19,118 [INFO] BlockDiagram:2759 - set Specific Code input for plugin: RCC
2024-01-30 21:37:19,118 [INFO] BlockDiagram:2759 - set Specific Code input for plugin: USB_OTG_FS
2024-01-30 21:37:19,118 [INFO] BlockDiagram:2759 - set Specific Code input for plugin: NVIC
2024-01-30 21:37:19,118 [INFO] BlockDiagram:2759 - set Specific Code input for plugin: USART
2024-01-30 21:37:19,118 [INFO] BlockDiagram:2759 - set Specific Code input for plugin: GPIO
2024-01-30 21:37:19,118 [INFO] BlockDiagram:2759 - set Specific Code input for plugin: ETH
2024-01-30 21:37:19,118 [INFO] CodeGenerator:692 - code generatio: config db path: D:\DoNotTouch_install\STM32CubeIDE_1.11.0\STM32CubeIDE\plugins\com.st.stm32cube.common.mx_6.7.0.202211181646\\db\
2024-01-30 21:37:19,562 [INFO] CodeEngine:247 - oldGeneratedFile, D:\New folder\GITHUB\CI_CD\Test\MXTmpFiles\license.tmp_save
2024-01-30 21:37:20,019 [INFO] CodeEngine:271 - Generated code: D:\New folder\GITHUB\CI_CD\Test\MXTmpFiles\license.tmp
2024-01-30 21:37:20,103 [INFO] CodeEngine:247 - oldGeneratedFile, D:\New folder\GITHUB\CI_CD\Test\MXTmpFiles\gpio.tmp_save
2024-01-30 21:37:20,262 [INFO] CodeEngine:271 - Generated code: D:\New folder\GITHUB\CI_CD\Test\MXTmpFiles\gpio.tmp
2024-01-30 21:37:20,510 [WARN] IPConfigManager:2928 - Warning: the RefConfig PWREx_EnableUSBVoltageDetector is not available in your config.xml file
2024-01-30 21:37:20,530 [INFO] CodeEngine:247 - oldGeneratedFile, D:\New folder\GITHUB\CI_CD\Test\Core\Src\stm32f4xx_it.c_save
2024-01-30 21:37:20,711 [INFO] CodeEngine:271 - Generated code: D:\New folder\GITHUB\CI_CD\Test\Core\Src\stm32f4xx_it.c
2024-01-30 21:37:20,721 [INFO] CodeEngine:247 - oldGeneratedFile, D:\New folder\GITHUB\CI_CD\Test\Core\Inc\stm32f4xx_it.h_save
2024-01-30 21:37:20,840 [INFO] CodeEngine:271 - Generated code: D:\New folder\GITHUB\CI_CD\Test\Core\Inc\stm32f4xx_it.h
2024-01-30 21:37:20,866 [INFO] CodeEngine:247 - oldGeneratedFile, D:\New folder\GITHUB\CI_CD\Test\Core\Src\stm32f4xx_hal_msp.c_save
2024-01-30 21:37:21,063 [INFO] CodeEngine:271 - Generated code: D:\New folder\GITHUB\CI_CD\Test\Core\Src\stm32f4xx_hal_msp.c
2024-01-30 21:37:21,105 [INFO] CodeEngine:247 - oldGeneratedFile, D:\New folder\GITHUB\CI_CD\Test\MXTmpFiles\system.tmp_save
2024-01-30 21:37:21,216 [INFO] CodeEngine:271 - Generated code: D:\New folder\GITHUB\CI_CD\Test\MXTmpFiles\system.tmp
2024-01-30 21:37:21,222 [INFO] CodeEngine:303 - oldGeneratedFile, D:\New folder\GITHUB\CI_CD\Test\Core\Inc\stm32f4xx_hal_conf.h_save
2024-01-30 21:37:21,403 [INFO] CodeEngine:327 - Generated code: D:\New folder\GITHUB\CI_CD\Test\Core\Inc\stm32f4xx_hal_conf.h
2024-01-30 21:37:21,440 [WARN] IPConfigManager:3414 - IP not found : USB_OTG
2024-01-30 21:37:21,440 [WARN] CodeGenerator:3583 - IP not found : null
2024-01-30 21:37:21,440 [INFO] CodeEngine:247 - oldGeneratedFile, D:\New folder\GITHUB\CI_CD\Test\Core\Inc\main.h_save
2024-01-30 21:37:21,567 [INFO] CodeEngine:271 - Generated code: D:\New folder\GITHUB\CI_CD\Test\Core\Inc\main.h
2024-01-30 21:37:21,577 [INFO] CodeEngine:247 - oldGeneratedFile, D:\New folder\GITHUB\CI_CD\Test\Core\Src\main.c_save
2024-01-30 21:37:21,725 [INFO] CodeEngine:271 - Generated code: D:\New folder\GITHUB\CI_CD\Test\Core\Src\main.c
2024-01-30 21:37:22,600 [INFO] ProjectBuilder:2919 - Time for Copy HAL[1] : 201mS.
2024-01-30 21:37:22,616 [INFO] ProjectBuilder:4183 - Project Generator version: 3.18.0-B7
2024-01-30 21:37:22,993 [INFO] ConfigFileManager:1396 - The Die is : DIE419
2024-01-30 21:37:23,019 [INFO] ApiDbMcu:505 - Load IP Config File for FATFS
2024-01-30 21:37:23,037 [INFO] ApiDbMcu:505 - Load IP Config File for FREERTOS
2024-01-30 21:37:23,046 [INFO] ApiDbMcu:505 - Load IP Config File for LIBJPEG
2024-01-30 21:37:23,057 [INFO] ApiDbMcu:505 - Load IP Config File for LWIP
2024-01-30 21:37:23,077 [INFO] ApiDbMcu:505 - Load IP Config File for MBEDTLS
2024-01-30 21:37:23,088 [INFO] ApiDbMcu:505 - Load IP Config File for USB_DEVICE
2024-01-30 21:37:23,104 [INFO] ApiDbMcu:505 - Load IP Config File for USB_HOST
2024-01-30 21:37:29,020 [INFO] ProjectBuilder:4351 - Time for Generating toolchain IDE Files: 6402mS.
2024-01-30 21:37:29,023 [INFO] ProjectBuilder:2790 - Time for Copy CMSIS : 3mS.
2024-01-30 21:37:29,023 [INFO] ProjectBuilder:2790 - Time for Copy CMSIS : 0mS.
2024-01-30 21:37:29,993 [INFO] McuFinderGlobals:65 - Set McuFinderConnectedMode to true
2024-01-30 21:37:30,000 [INFO] ApiDb:447 - Save user favorites file C:\Users\Lenovo/.stm32cubeide/favorites.mcus.txt: 0 item(s)
2024-01-30 21:37:30,001 [INFO] ApiDb:451 - User favorites MCUs=[]
2024-01-30 21:37:30,003 [INFO] ApiDb:447 - Save user favorites file C:\Users\Lenovo/.stm32cubeide/favorites.boards.txt: 1 item(s)
2024-01-30 21:37:30,003 [INFO] ApiDb:451 - User favorites Boards=[NUCLEO-F439ZI]
2024-01-30 22:24:37,072 [INFO] WebAppUi:459 - Close the Jxbrowser engine manually
2024-01-30 22:24:37,187 [INFO] WebAppUi:462 - Profiles folder deleted
2024-01-30 22:24:37,509 [ERROR] LogOutputStream:74 - [STDERR_REDIRECT] 
2024-02-01 15:09:40,205 [INFO] Activator:179 - 


2024-02-01 15:09:40,205 [INFO] Activator:180 - !SESSION log4j initialized
2024-02-01 15:10:08,504 [ERROR] LogOutputStream:74 - [STDERR_REDIRECT] SLF4J: Failed to load class "org.slf4j.impl.StaticLoggerBinder".
2024-02-01 15:10:08,505 [ERROR] LogOutputStream:74 - [STDERR_REDIRECT] SLF4J: Defaulting to no-operation (NOP) logger implementation
2024-02-01 15:10:08,507 [ERROR] LogOutputStream:74 - [STDERR_REDIRECT] SLF4J: See http://www.slf4j.org/codes.html#StaticLoggerBinder for further details.
